2023-12-24 13:58:16.217227	Initiate mavlink
2023-12-24 13:58:16.256445	/dev/ttyTHS1, baud=115200
2023-12-24 13:58:16.256542	Wait for MAVlink connection
2023-12-24 13:58:16.257003	None for ping count: 1
2023-12-24 13:58:16.762404	PING {time_usec : 1703455096256590, seq : 0, target_system : 255, target_component : 0} for ping count: 2
2023-12-24 13:58:17.263432	Wait for heart beat
2023-12-24 13:58:17.267906	Heartbeat: (system 1 component 0)
2023-12-24 13:58:17.267973	Request messages
2023-12-24 13:58:17.308791	1-second stand by
2023-12-24 13:58:18.359545	UTM data returned 0	[329615610, -1172683911, -36957, 0, 0, -1, 0.0, 0.00840712245553732, 211, 0, -2.3139562606811523, 0.01829640194773674]
2023-12-24 13:58:19.361206	wait for image files to show up
2023-12-24 13:58:19.368698	image file(s) detected
2023-12-24 13:58:19.374103	camera0 images: 56, gimbal0 images: 56
2023-12-24 13:58:19.430728	camera0_55.jpg	55	[329615609, -1172683909, -36970, 0, 0, -2, 0.0, 0.005494401324540377, 211, 0, -2.347041606903076, 0.02051376923918724]
2023-12-24 13:58:19.430868	gimbal0_55.jpg	55	[329615609, -1172683909, -36970, 0, 0, -2, 0.0, 0.005494401324540377, 211, 0, -2.347041606903076, 0.02051376923918724]
2023-12-24 13:58:19.456013	camera0 images: 57, gimbal0 images: 56
2023-12-24 13:58:19.458361	camera0_56.jpg	56	[329615609, -1172683909, -36972, 0, 0, -2, 0.0, 0.005494401324540377, 211, 0, -2.347041606903076, 0.02051376923918724]
2023-12-24 13:58:19.486036	camera0 images: 57, gimbal0 images: 56
2023-12-24 13:58:19.520427	camera0 images: 58, gimbal0 images: 56
2023-12-24 13:58:19.527554	camera0_57.jpg	57	[329615609, -1172683909, -36972, 0, 0, -2, 0.0, 0.005254873540252447, 211, 0, -2.347592830657959, 0.020625337958335876]
2023-12-24 13:58:19.555626	camera0 images: 58, gimbal0 images: 56
2023-12-24 13:58:19.587689	camera0 images: 58, gimbal0 images: 56
2023-12-24 13:58:19.617014	camera0 images: 58, gimbal0 images: 56
2023-12-24 13:58:19.647719	camera0 images: 58, gimbal0 images: 56
2023-12-24 13:58:19.683422	camera0 images: 58, gimbal0 images: 56
2023-12-24 13:58:19.710747	camera0 images: 58, gimbal0 images: 56
2023-12-24 13:58:19.736237	camera0 images: 58, gimbal0 images: 56
2023-12-24 13:58:19.781346	camera0 images: 58, gimbal0 images: 60
2023-12-24 13:58:19.791878	gimbal0_59.jpg	59	[329615609, -1172683909, -36975, 0, 0, -2, 0.0, 0.007793807424604893, 211, 0, -2.3557491302490234, 0.02128821238875389]
2023-12-24 13:58:19.817795	camera0 images: 59, gimbal0 images: 60
2023-12-24 13:58:19.819933	camera0_58.jpg	58	[329615609, -1172683909, -36975, 0, 0, -2, 0.0, 0.008142494596540928, 211, 0, -2.35878849029541, 0.020968658849596977]
2023-12-24 13:58:19.846405	camera0 images: 59, gimbal0 images: 60
2023-12-24 13:58:19.873470	camera0 images: 60, gimbal0 images: 61
2023-12-24 13:58:19.874757	camera0_59.jpg	59	[329615609, -1172683909, -36977, 0, 0, -2, 0.0, 0.008358831517398357, 211, 0, -2.3599257469177246, 0.020858043804764748]
2023-12-24 13:58:19.874883	gimbal0_60.jpg	60	[329615609, -1172683909, -36977, 0, 0, -2, 0.0, 0.008358831517398357, 211, 0, -2.3599257469177246, 0.020858043804764748]
2023-12-24 13:58:19.908992	camera0 images: 61, gimbal0 images: 61
2023-12-24 13:58:19.917011	camera0_60.jpg	60	[329615609, -1172683909, -36978, 0, 0, -2, 0.0, 0.008358831517398357, 211, 0, -2.3599257469177246, 0.020858043804764748]
2023-12-24 13:58:19.942800	camera0 images: 61, gimbal0 images: 61
2023-12-24 13:58:19.971358	camera0 images: 62, gimbal0 images: 61
2023-12-24 13:58:19.972997	camera0_61.jpg	61	[329615609, -1172683909, -36977, 0, 0, -2, 0.0, 0.008875446394085884, 211, 0, -2.3619065284729004, 0.02074727602303028]
2023-12-24 13:58:20.000093	camera0 images: 63, gimbal0 images: 61
2023-12-24 13:58:20.002575	camera0_62.jpg	62	[329615609, -1172683909, -36980, 0, 0, -2, 0.0, 0.009898624382913113, 211, 0, -2.3653082847595215, 0.020461859181523323]
2023-12-24 13:58:20.027971	camera0 images: 63, gimbal0 images: 61
2023-12-24 13:58:20.053870	camera0 images: 63, gimbal0 images: 61
2023-12-24 13:58:20.082144	camera0 images: 63, gimbal0 images: 61
2023-12-24 13:58:20.108396	camera0 images: 63, gimbal0 images: 61
2023-12-24 13:58:20.134748	camera0 images: 63, gimbal0 images: 61
2023-12-24 13:58:20.163571	camera0 images: 63, gimbal0 images: 61
2023-12-24 13:58:20.192371	camera0 images: 63, gimbal0 images: 61
2023-12-24 13:58:20.236948	camera0 images: 63, gimbal0 images: 61
2023-12-24 13:58:20.265774	camera0 images: 63, gimbal0 images: 63
2023-12-24 13:58:20.268151	gimbal0_62.jpg	62	[329615609, -1172683908, -36983, 0, -1, -2, 0.0, 0.010217154398560524, 211, 0, -2.3729350566864014, 0.02042938582599163]
2023-12-24 13:58:20.295589	camera0 images: 63, gimbal0 images: 65
2023-12-24 13:58:20.298036	gimbal0_64.jpg	64	[329615609, -1172683908, -36984, 0, 0, -2, 0.0, 0.010217154398560524, 211, 0, -2.3729350566864014, 0.02042938582599163]
2023-12-24 13:58:20.329725	camera0 images: 64, gimbal0 images: 65
2023-12-24 13:58:20.331275	camera0_63.jpg	63	[329615609, -1172683908, -36984, 0, 0, -2, 0.0, 0.00997545849531889, 211, 0, -2.373624324798584, 0.020501403138041496]
2023-12-24 13:58:20.357717	camera0 images: 65, gimbal0 images: 66
2023-12-24 13:58:20.360403	camera0_64.jpg	64	[329615608, -1172683908, -36983, 0, 0, -2, 0.0, 0.00997545849531889, 211, 0, -2.373624324798584, 0.020501403138041496]
2023-12-24 13:58:20.360549	gimbal0_65.jpg	65	[329615608, -1172683908, -36983, 0, 0, -2, 0.0, 0.00997545849531889, 211, 0, -2.373624324798584, 0.020501403138041496]
2023-12-24 13:58:20.387905	camera0 images: 65, gimbal0 images: 66
2023-12-24 13:58:20.421689	camera0 images: 66, gimbal0 images: 66
2023-12-24 13:58:20.430760	camera0_65.jpg	65	[329615608, -1172683908, -36985, 0, 0, -2, 0.0, 0.009092768654227257, 211, 0, -2.379366397857666, 0.02002980001270771]
2023-12-24 13:58:20.458686	camera0 images: 67, gimbal0 images: 66
2023-12-24 13:58:20.460367	camera0_66.jpg	66	[329615608, -1172683908, -36987, 0, 0, -1, 0.0, 0.009092768654227257, 211, 0, -2.379366397857666, 0.02002980001270771]
2023-12-24 13:58:20.487317	camera0 images: 67, gimbal0 images: 66
2023-12-24 13:58:20.517062	camera0 images: 68, gimbal0 images: 66
2023-12-24 13:58:20.517965	camera0_67.jpg	67	[329615608, -1172683908, -36988, 0, 0, -2, 0.0, 0.009130081161856651, 211, 0, -2.380244493484497, 0.020253492519259453]
2023-12-24 13:58:20.552514	camera0 images: 68, gimbal0 images: 66
2023-12-24 13:58:20.579724	camera0 images: 68, gimbal0 images: 66
2023-12-24 13:58:20.606064	camera0 images: 68, gimbal0 images: 66
2023-12-24 13:58:20.639991	camera0 images: 68, gimbal0 images: 66
2023-12-24 13:58:20.668301	camera0 images: 68, gimbal0 images: 66
2023-12-24 13:58:20.695442	camera0 images: 68, gimbal0 images: 66
2023-12-24 13:58:20.728033	camera0 images: 68, gimbal0 images: 66
2023-12-24 13:58:20.762515	camera0 images: 68, gimbal0 images: 66
2023-12-24 13:58:20.800288	camera0 images: 68, gimbal0 images: 70
2023-12-24 13:58:20.801998	gimbal0_69.jpg	69	[329615607, -1172683907, -36995, 0, 0, -1, 0.0, 0.008879818953573704, 211, 0, -2.392235279083252, 0.018483562394976616]
2023-12-24 13:58:20.829051	camera0 images: 69, gimbal0 images: 70
2023-12-24 13:58:20.830273	camera0_68.jpg	68	[329615607, -1172683907, -36995, 0, 0, -1, 0.0, 0.0088513707742095, 211, 0, -2.3945822715759277, 0.01837269775569439]
2023-12-24 13:58:20.861196	camera0 images: 70, gimbal0 images: 71
2023-12-24 13:58:20.870188	camera0_69.jpg	69	[329615607, -1172683907, -36997, 0, 0, -1, 0.0, 0.00882010068744421, 211, 0, -2.395808219909668, 0.018291370943188667]
2023-12-24 13:58:20.874995	gimbal0_70.jpg	70	[329615607, -1172683907, -36997, 0, 0, -1, 0.0, 0.00882010068744421, 211, 0, -2.395808219909668, 0.018291370943188667]
2023-12-24 13:58:20.914863	camera0 images: 71, gimbal0 images: 71
2023-12-24 13:58:20.916889	camera0_70.jpg	70	[329615607, -1172683907, -36998, 0, 0, -1, 0.0, 0.00882010068744421, 211, 0, -2.395808219909668, 0.018291370943188667]
2023-12-24 13:58:20.948337	camera0 images: 71, gimbal0 images: 71
2023-12-24 13:58:20.993547	camera0 images: 72, gimbal0 images: 71
2023-12-24 13:58:21.000084	camera0_71.jpg	71	[329615607, -1172683907, -36999, 0, 0, -1, 0.0, 0.008671973831951618, 211, 0, -2.400585651397705, 0.01796189695596695]
2023-12-24 13:58:21.030072	camera0 images: 72, gimbal0 images: 71
2023-12-24 13:58:21.058092	camera0 images: 73, gimbal0 images: 71
2023-12-24 13:58:21.060028	camera0_72.jpg	72	[329615607, -1172683907, -37001, 0, 0, -1, 0.0, 0.008831623010337353, 211, 0, -2.401987314224243, 0.01804046519100666]
2023-12-24 13:58:21.089830	camera0 images: 73, gimbal0 images: 71
2023-12-24 13:58:21.124095	camera0 images: 73, gimbal0 images: 71
2023-12-24 13:58:21.164378	camera0 images: 73, gimbal0 images: 71
2023-12-24 13:58:21.192892	camera0 images: 73, gimbal0 images: 71
2023-12-24 13:58:21.222043	camera0 images: 73, gimbal0 images: 71
2023-12-24 13:58:21.255335	camera0 images: 73, gimbal0 images: 71
2023-12-24 13:58:21.287794	camera0 images: 73, gimbal0 images: 75
2023-12-24 13:58:21.288537	gimbal0_74.jpg	74	[329615607, -1172683906, -37005, 0, 0, -1, 0.0, 0.007364786230027676, 211, 0, -2.4100756645202637, 0.017612414434552193]
2023-12-24 13:58:21.318771	camera0 images: 74, gimbal0 images: 75
2023-12-24 13:58:21.327166	camera0_73.jpg	73	[329615607, -1172683906, -37006, 0, 0, -1, 0.0, 0.007277391850948334, 211, 0, -2.4107131958007812, 0.01776104047894478]
2023-12-24 13:58:21.354320	camera0 images: 75, gimbal0 images: 76
2023-12-24 13:58:21.357088	camera0_74.jpg	74	[329615607, -1172683906, -37005, 0, 0, -1, 0.0, 0.007277391850948334, 211, 0, -2.4107131958007812, 0.01776104047894478]
2023-12-24 13:58:21.357672	gimbal0_75.jpg	75	[329615607, -1172683906, -37005, 0, 0, -1, 0.0, 0.007277391850948334, 211, 0, -2.4107131958007812, 0.01776104047894478]
2023-12-24 13:58:21.391911	camera0 images: 76, gimbal0 images: 76
2023-12-24 13:58:21.408755	camera0_75.jpg	75	[329615607, -1172683906, -37009, 0, 0, -1, 0.0, 0.008179357275366783, 211, 0, -2.4152657985687256, 0.017124224454164505]
2023-12-24 13:58:21.435649	camera0 images: 76, gimbal0 images: 76
2023-12-24 13:58:21.464699	camera0 images: 77, gimbal0 images: 76
2023-12-24 13:58:21.465859	camera0_76.jpg	76	[329615607, -1172683906, -37011, 0, 0, -1, 0.0, 0.008948888629674911, 211, 0, -2.4180221557617188, 0.016768433153629303]
2023-12-24 13:58:21.493185	camera0 images: 78, gimbal0 images: 76
2023-12-24 13:58:21.495698	camera0_77.jpg	77	[329615607, -1172683906, -37012, 0, 0, -1, 0.0, 0.009578965604305267, 211, 0, -2.4190030097961426, 0.01671336032450199]
2023-12-24 13:58:21.522208	camera0 images: 78, gimbal0 images: 76
2023-12-24 13:58:21.550199	camera0 images: 78, gimbal0 images: 76
2023-12-24 13:58:21.577764	camera0 images: 78, gimbal0 images: 76
2023-12-24 13:58:21.605245	camera0 images: 78, gimbal0 images: 76
2023-12-24 13:58:21.633929	camera0 images: 78, gimbal0 images: 76
2023-12-24 13:58:21.662756	camera0 images: 78, gimbal0 images: 76
2023-12-24 13:58:21.691249	camera0 images: 78, gimbal0 images: 76
2023-12-24 13:58:21.719221	camera0 images: 78, gimbal0 images: 76
2023-12-24 13:58:21.747141	camera0 images: 78, gimbal0 images: 76
2023-12-24 13:58:21.779988	camera0 images: 78, gimbal0 images: 79
2023-12-24 13:58:21.780415	gimbal0_78.jpg	78	[329615607, -1172683906, -37014, 0, -1, -1, 0.0, 0.010492794215679169, 211, 0, -2.4282355308532715, 0.016863415017724037]
2023-12-24 13:58:21.814824	camera0 images: 79, gimbal0 images: 80
2023-12-24 13:58:21.819762	camera0_78.jpg	78	[329615607, -1172683906, -37017, 0, -1, -1, 0.0, 0.010797625407576561, 211, 0, -2.43026065826416, 0.017073821276426315]
2023-12-24 13:58:21.819893	gimbal0_79.jpg	79	[329615607, -1172683906, -37017, 0, -1, -1, 0.0, 0.010797625407576561, 211, 0, -2.43026065826416, 0.017073821276426315]
2023-12-24 13:58:21.847138	camera0 images: 80, gimbal0 images: 80
2023-12-24 13:58:21.848672	camera0_79.jpg	79	[329615607, -1172683906, -37018, 0, -1, -1, 0.0, 0.010797625407576561, 211, 0, -2.43026065826416, 0.017073821276426315]
2023-12-24 13:58:21.877886	camera0 images: 80, gimbal0 images: 81
2023-12-24 13:58:21.879027	gimbal0_80.jpg	80	[329615607, -1172683906, -37018, 0, -1, -1, 0.0, 0.0110533582046628, 211, 0, -2.430818557739258, 0.01754619926214218]
2023-12-24 13:58:21.907881	camera0 images: 81, gimbal0 images: 81
2023-12-24 13:58:21.909550	camera0_80.jpg	80	[329615607, -1172683906, -37018, 0, -1, -1, 0.0, 0.0110533582046628, 211, 0, -2.430818557739258, 0.01754619926214218]
2023-12-24 13:58:21.937004	camera0 images: 82, gimbal0 images: 81
2023-12-24 13:58:21.939272	camera0_81.jpg	81	[329615607, -1172683906, -37019, 0, -1, -1, 0.0, 0.011079038493335247, 211, 0, -2.433584451675415, 0.017275182530283928]
2023-12-24 13:58:21.966814	camera0 images: 82, gimbal0 images: 81
2023-12-24 13:58:21.996585	camera0 images: 83, gimbal0 images: 81
2023-12-24 13:58:21.999066	camera0_82.jpg	82	[329615607, -1172683906, -37022, 0, -1, -1, 0.0, 0.010722432285547256, 211, 0, -2.4371180534362793, 0.016742292791604996]
2023-12-24 13:58:22.031868	camera0 images: 83, gimbal0 images: 81
2023-12-24 13:58:22.065215	camera0 images: 83, gimbal0 images: 81
2023-12-24 13:58:22.095518	camera0 images: 83, gimbal0 images: 81
2023-12-24 13:58:22.123837	camera0 images: 83, gimbal0 images: 81
2023-12-24 13:58:22.151661	camera0 images: 83, gimbal0 images: 81
2023-12-24 13:58:22.179995	camera0 images: 83, gimbal0 images: 81
2023-12-24 13:58:22.208146	camera0 images: 83, gimbal0 images: 81
2023-12-24 13:58:22.239380	camera0 images: 83, gimbal0 images: 81
2023-12-24 13:58:22.283167	camera0 images: 83, gimbal0 images: 85
2023-12-24 13:58:22.296228	gimbal0_84.jpg	84	[329615607, -1172683905, -37031, 0, 0, -1, 0.0, 0.010566030628979206, 211, 0, -2.4488961696624756, 0.015104538761079311]
2023-12-24 13:58:22.324909	camera0 images: 84, gimbal0 images: 85
2023-12-24 13:58:22.325729	camera0_83.jpg	83	[329615607, -1172683905, -37031, 0, 0, -1, 0.0, 0.010611395351588726, 211, 0, -2.4509286880493164, 0.015003349632024765]
2023-12-24 13:58:22.363791	camera0 images: 85, gimbal0 images: 85
2023-12-24 13:58:22.366707	camera0_84.jpg	84	[329615607, -1172683905, -37032, 0, -1, -1, 0.0, 0.01086855586618185, 211, 0, -2.4547841548919678, 0.014557767659425735]
2023-12-24 13:58:22.398704	camera0 images: 86, gimbal0 images: 86
2023-12-24 13:58:22.399611	camera0_85.jpg	85	[329615607, -1172683905, -37032, 0, -1, -1, 0.0, 0.01086855586618185, 211, 0, -2.4547841548919678, 0.014557767659425735]
2023-12-24 13:58:22.400001	gimbal0_85.jpg	85	[329615607, -1172683905, -37032, 0, -1, -1, 0.0, 0.01086855586618185, 211, 0, -2.4547841548919678, 0.014557767659425735]
2023-12-24 13:58:22.428458	camera0 images: 87, gimbal0 images: 86
2023-12-24 13:58:22.438276	camera0_86.jpg	86	[329615607, -1172683905, -37036, 0, -1, -1, 0.0, 0.01103551872074604, 211, 0, -2.456662893295288, 0.014524529688060284]
2023-12-24 13:58:22.473518	camera0 images: 87, gimbal0 images: 86
2023-12-24 13:58:22.502552	camera0 images: 88, gimbal0 images: 86
2023-12-24 13:58:22.505295	camera0_87.jpg	87	[329615607, -1172683905, -37037, 0, -1, -1, 0.0, 0.011201221495866776, 211, 0, -2.4578306674957275, 0.014609690755605698]
2023-12-24 13:58:22.533203	camera0 images: 88, gimbal0 images: 86
2023-12-24 13:58:22.560966	camera0 images: 88, gimbal0 images: 86
2023-12-24 13:58:22.593321	camera0 images: 88, gimbal0 images: 86
2023-12-24 13:58:22.624198	camera0 images: 88, gimbal0 images: 86
2023-12-24 13:58:22.653529	camera0 images: 88, gimbal0 images: 86
2023-12-24 13:58:22.682318	camera0 images: 88, gimbal0 images: 86
2023-12-24 13:58:22.711155	camera0 images: 88, gimbal0 images: 86
2023-12-24 13:58:22.750120	camera0 images: 88, gimbal0 images: 86
2023-12-24 13:58:22.781271	camera0 images: 88, gimbal0 images: 88
2023-12-24 13:58:22.782823	gimbal0_87.jpg	87	[329615607, -1172683905, -37039, 0, -1, -1, 0.0, 0.01116329338401556, 211, 0, -2.4672365188598633, 0.014938857406377792]
2023-12-24 13:58:22.810621	camera0 images: 88, gimbal0 images: 90
2023-12-24 13:58:22.812107	gimbal0_89.jpg	89	[329615607, -1172683905, -37041, 0, -1, -1, 0.0, 0.011376546695828438, 211, 0, -2.4692935943603516, 0.014935629442334175]
2023-12-24 13:58:22.840564	camera0 images: 89, gimbal0 images: 90
2023-12-24 13:58:22.842500	camera0_88.jpg	88	[329615607, -1172683905, -37042, 0, -1, -1, 0.0, 0.011376546695828438, 211, 0, -2.4692935943603516, 0.014935629442334175]
2023-12-24 13:58:22.873841	camera0 images: 90, gimbal0 images: 91
2023-12-24 13:58:22.875508	camera0_89.jpg	89	[329615607, -1172683905, -37042, 0, -1, -1, 0.0, 0.011604850180447102, 211, 0, -2.4701123237609863, 0.015084654092788696]
2023-12-24 13:58:22.875636	gimbal0_90.jpg	90	[329615607, -1172683905, -37042, 0, -1, -1, 0.0, 0.011604850180447102, 211, 0, -2.4701123237609863, 0.015084654092788696]
2023-12-24 13:58:22.904066	camera0 images: 91, gimbal0 images: 91
2023-12-24 13:58:22.906200	camera0_90.jpg	90	[329615607, -1172683905, -37043, 0, -1, -1, 0.0, 0.011604850180447102, 211, 0, -2.4701123237609863, 0.015084654092788696]
2023-12-24 13:58:22.934156	camera0 images: 91, gimbal0 images: 91
2023-12-24 13:58:22.964075	camera0 images: 92, gimbal0 images: 91
2023-12-24 13:58:22.965141	camera0_91.jpg	91	[329615607, -1172683905, -37042, 0, -1, -1, 0.0, 0.011699298396706581, 211, 0, -2.471876621246338, 0.015066900290548801]
2023-12-24 13:58:22.996995	camera0 images: 93, gimbal0 images: 91
2023-12-24 13:58:23.000776	camera0_92.jpg	92	[329615607, -1172683905, -37045, 0, -1, -1, 0.0, 0.011645476333796978, 211, 0, -2.475719451904297, 0.014616160653531551]
2023-12-24 13:58:23.036360	camera0 images: 93, gimbal0 images: 91
2023-12-24 13:58:23.068009	camera0 images: 93, gimbal0 images: 91
2023-12-24 13:58:23.100915	camera0 images: 93, gimbal0 images: 91
2023-12-24 13:58:23.139287	camera0 images: 93, gimbal0 images: 91
2023-12-24 13:58:23.168369	camera0 images: 93, gimbal0 images: 91
2023-12-24 13:58:23.197518	camera0 images: 93, gimbal0 images: 91
2023-12-24 13:58:23.229559	camera0 images: 93, gimbal0 images: 91
2023-12-24 13:58:23.296211	camera0 images: 93, gimbal0 images: 95
2023-12-24 13:58:23.305135	gimbal0_94.jpg	94	[329615607, -1172683904, -37055, 0, 0, -1, 0.0, 0.009094133041799068, 211, 0, -2.4878768920898438, 0.013114050962030888]
2023-12-24 13:58:23.333976	camera0 images: 94, gimbal0 images: 95
2023-12-24 13:58:23.335174	camera0_93.jpg	93	[329615607, -1172683904, -37055, 0, 0, -1, 0.0, 0.008750822395086288, 211, 0, -2.489168167114258, 0.013281367719173431]
2023-12-24 13:58:23.363472	camera0 images: 95, gimbal0 images: 95
2023-12-24 13:58:23.364817	camera0_94.jpg	94	[329615607, -1172683904, -37055, 0, 0, -1, 0.0, 0.008750822395086288, 211, 0, -2.489168167114258, 0.013281367719173431]
2023-12-24 13:58:23.433749	camera0 images: 97, gimbal0 images: 96
2023-12-24 13:58:23.451856	camera0_96.jpg	96	[329615607, -1172683904, -37060, 0, 0, -1, 0.0, 0.008815141394734383, 211, 0, -2.495187282562256, 0.012695926241576672]
2023-12-24 13:58:23.452117	gimbal0_95.jpg	95	[329615607, -1172683904, -37060, 0, 0, -1, 0.0, 0.008815141394734383, 211, 0, -2.495187282562256, 0.012695926241576672]
2023-12-24 13:58:23.480136	camera0 images: 98, gimbal0 images: 96
2023-12-24 13:58:23.481326	camera0_97.jpg	97	[329615607, -1172683904, -37060, 0, 0, -1, 0.0, 0.008924604393541813, 211, 0, -2.4966187477111816, 0.01281764730811119]
2023-12-24 13:58:23.509270	camera0 images: 98, gimbal0 images: 96
2023-12-24 13:58:23.538112	camera0 images: 98, gimbal0 images: 96
2023-12-24 13:58:23.575628	camera0 images: 98, gimbal0 images: 96
2023-12-24 13:58:23.605390	camera0 images: 98, gimbal0 images: 96
2023-12-24 13:58:23.648230	camera0 images: 98, gimbal0 images: 96
2023-12-24 13:58:23.680377	camera0 images: 98, gimbal0 images: 96
2023-12-24 13:58:23.710095	camera0 images: 98, gimbal0 images: 96
2023-12-24 13:58:23.740326	camera0 images: 98, gimbal0 images: 96
2023-12-24 13:58:23.784917	camera0 images: 98, gimbal0 images: 99
2023-12-24 13:58:23.802587	gimbal0_98.jpg	98	[329615608, -1172683903, -37071, 0, -1, -1, 0.0, 0.011076143011450768, 211, 0, -2.5094900131225586, 0.012016820721328259]
2023-12-24 13:58:23.831733	camera0 images: 99, gimbal0 images: 100
2023-12-24 13:58:23.834358	camera0_98.jpg	98	[329615608, -1172683903, -37071, 0, -1, -1, 0.0, 0.011296389624476433, 211, 0, -2.5126519203186035, 0.012037248350679874]
2023-12-24 13:58:23.834686	gimbal0_99.jpg	99	[329615608, -1172683903, -37071, 0, -1, -1, 0.0, 0.011296389624476433, 211, 0, -2.5126519203186035, 0.012037248350679874]
2023-12-24 13:58:23.868891	camera0 images: 100, gimbal0 images: 101
2023-12-24 13:58:23.892410	camera0_99.jpg	99	[329615608, -1172683903, -37074, 0, -1, -1, 0.0, 0.011414389126002789, 211, 0, -2.514253616333008, 0.011842812411487103]
2023-12-24 13:58:23.892711	gimbal0_100.jpg	100	[329615608, -1172683903, -37074, 0, -1, -1, 0.0, 0.011414389126002789, 211, 0, -2.514253616333008, 0.011842812411487103]
2023-12-24 13:58:23.923729	camera0 images: 102, gimbal0 images: 101
2023-12-24 13:58:23.924921	camera0_101.jpg	101	[329615608, -1172683903, -37074, 0, -1, -1, 0.0, 0.011630377732217312, 211, 0, -2.51765775680542, 0.0113867511972785]
2023-12-24 13:58:23.955298	camera0 images: 102, gimbal0 images: 101
2023-12-24 13:58:23.988576	camera0 images: 103, gimbal0 images: 101
2023-12-24 13:58:23.991308	camera0_102.jpg	102	[329615608, -1172683903, -37081, 0, -1, -1, 0.0, 0.011799855157732964, 211, 0, -2.5215606689453125, 0.01094670221209526]
2023-12-24 13:58:24.021106	camera0 images: 103, gimbal0 images: 101
2023-12-24 13:58:24.050975	camera0 images: 103, gimbal0 images: 101
2023-12-24 13:58:24.082928	camera0 images: 103, gimbal0 images: 101
2023-12-24 13:58:24.129418	camera0 images: 103, gimbal0 images: 101
2023-12-24 13:58:24.163623	camera0 images: 103, gimbal0 images: 101
2023-12-24 13:58:24.194381	camera0 images: 103, gimbal0 images: 101
2023-12-24 13:58:24.227842	camera0 images: 103, gimbal0 images: 101
2023-12-24 13:58:24.274471	camera0 images: 103, gimbal0 images: 102
2023-12-24 13:58:24.278669	gimbal0_101.jpg	101	[329615607, -1172683903, -37092, 0, -1, 0, 0.0, 0.011868873611092567, 211, 0, -2.535959005355835, 0.009480150416493416]
2023-12-24 13:58:24.311478	camera0 images: 103, gimbal0 images: 105
2023-12-24 13:58:24.318086	gimbal0_104.jpg	104	[329615607, -1172683903, -37093, 0, -1, 0, 0.0, 0.01165751926600933, 211, 0, -2.540034294128418, 0.009194377809762955]
2023-12-24 13:58:24.354455	camera0 images: 104, gimbal0 images: 105
2023-12-24 13:58:24.355974	camera0_103.jpg	103	[329615607, -1172683903, -37097, 0, -1, 0, 0.0, 0.01165751926600933, 211, 0, -2.540034294128418, 0.009194377809762955]
2023-12-24 13:58:24.390225	camera0 images: 104, gimbal0 images: 106
2023-12-24 13:58:24.392446	gimbal0_105.jpg	105	[329615607, -1172683903, -37101, 0, -1, 0, 0.0, 0.011481533758342266, 211, 0, -2.5444135665893555, 0.008793755434453487]
2023-12-24 13:58:24.447660	camera0 images: 105, gimbal0 images: 106
2023-12-24 13:58:24.461838	camera0_104.jpg	104	[329615607, -1172683903, -37104, 0, -1, 0, 0.0, 0.011225673370063305, 211, 0, -2.5481414794921875, 0.008465868420898914]
2023-12-24 13:58:24.495997	camera0 images: 107, gimbal0 images: 106
2023-12-24 13:58:24.500269	camera0_106.jpg	106	[329615607, -1172683902, -37106, 0, -1, 0, 0.0, 0.011059815064072609, 211, 0, -2.550528049468994, 0.008440619334578514]
2023-12-24 13:58:24.531649	camera0 images: 108, gimbal0 images: 106
2023-12-24 13:58:24.533239	camera0_107.jpg	107	[329615607, -1172683902, -37106, 0, -1, 0, 0.0, 0.011059815064072609, 211, 0, -2.550528049468994, 0.008440619334578514]
2023-12-24 13:58:24.566056	camera0 images: 108, gimbal0 images: 106
2023-12-24 13:58:24.603907	camera0 images: 108, gimbal0 images: 106
2023-12-24 13:58:24.641634	camera0 images: 108, gimbal0 images: 106
2023-12-24 13:58:24.677128	camera0 images: 108, gimbal0 images: 106
2023-12-24 13:58:24.707796	camera0 images: 108, gimbal0 images: 106
2023-12-24 13:58:24.739847	camera0 images: 108, gimbal0 images: 106
2023-12-24 13:58:24.804316	camera0 images: 109, gimbal0 images: 110
2023-12-24 13:58:24.805687	camera0_108.jpg	108	[329615607, -1172683902, -37126, 0, -1, 0, 0.0, 0.010490336455404758, 211, 0, -2.570481777191162, 0.0067842090502381325]
2023-12-24 13:58:24.805815	gimbal0_109.jpg	109	[329615607, -1172683902, -37126, 0, -1, 0, 0.0, 0.010490336455404758, 211, 0, -2.570481777191162, 0.0067842090502381325]
2023-12-24 13:58:24.842252	camera0 images: 110, gimbal0 images: 110
2023-12-24 13:58:24.845349	camera0_109.jpg	109	[329615607, -1172683902, -37129, 0, -1, 0, 0.0, 0.0102744922041893, 211, 0, -2.574051856994629, 0.006474863737821579]
2023-12-24 13:58:24.888516	camera0 images: 111, gimbal0 images: 111
2023-12-24 13:58:24.895533	camera0_110.jpg	110	[329615607, -1172683902, -37131, 0, 0, 0, 0.0, 0.009931374341249466, 211, 0, -2.5768837928771973, 0.006350742653012276]
2023-12-24 13:58:24.895902	gimbal0_110.jpg	110	[329615607, -1172683902, -37131, 0, 0, 0, 0.0, 0.009931374341249466, 211, 0, -2.5768837928771973, 0.006350742653012276]
2023-12-24 13:58:24.927438	camera0 images: 112, gimbal0 images: 111
2023-12-24 13:58:24.928238	camera0_111.jpg	111	[329615607, -1172683902, -37131, 0, 0, 0, 0.0, 0.009931374341249466, 211, 0, -2.5768837928771973, 0.006350742653012276]
2023-12-24 13:58:24.971490	camera0 images: 112, gimbal0 images: 111
2023-12-24 13:58:25.003585	camera0 images: 113, gimbal0 images: 111
2023-12-24 13:58:25.005487	camera0_112.jpg	112	[329615607, -1172683901, -37139, 0, 0, 0, 0.0, 0.009478275664150715, 211, 0, -2.5860965251922607, 0.005466985981911421]
2023-12-24 13:58:25.034705	camera0 images: 113, gimbal0 images: 111
2023-12-24 13:58:25.064101	camera0 images: 113, gimbal0 images: 111
2023-12-24 13:58:25.097080	camera0 images: 113, gimbal0 images: 111
2023-12-24 13:58:25.130065	camera0 images: 113, gimbal0 images: 111
2023-12-24 13:58:25.164680	camera0 images: 113, gimbal0 images: 111
2023-12-24 13:58:25.197371	camera0 images: 113, gimbal0 images: 111
2023-12-24 13:58:25.230215	camera0 images: 113, gimbal0 images: 111
2023-12-24 13:58:25.266796	camera0 images: 113, gimbal0 images: 112
2023-12-24 13:58:25.269229	gimbal0_111.jpg	111	[329615607, -1172683901, -37160, 0, 0, 0, 0.0, 0.008724072948098183, 211, 0, -2.6088924407958984, 0.002786858007311821]
2023-12-24 13:58:25.302788	camera0 images: 113, gimbal0 images: 115
2023-12-24 13:58:25.319616	gimbal0_114.jpg	114	[329615607, -1172683901, -37163, 0, 0, 0, 0.0, 0.008560754358768463, 211, 0, -2.6131138801574707, 0.0022524772211909294]
2023-12-24 13:58:25.352789	camera0 images: 115, gimbal0 images: 115
2023-12-24 13:58:25.354295	camera0_114.jpg	114	[329615607, -1172683900, -37168, 0, 0, 0, 0.0, 0.008560754358768463, 211, 0, -2.6131138801574707, 0.0022524772211909294]
2023-12-24 13:58:25.386771	camera0 images: 116, gimbal0 images: 116
2023-12-24 13:58:25.395402	camera0_115.jpg	115	[329615607, -1172683900, -37173, 0, 0, 0, 0.0, 0.008267085067927837, 211, 0, -2.6203832626342773, 0.0014104755828157067]
2023-12-24 13:58:25.395646	gimbal0_115.jpg	115	[329615607, -1172683900, -37173, 0, 0, 0, 0.0, 0.008267085067927837, 211, 0, -2.6203832626342773, 0.0014104755828157067]
2023-12-24 13:58:25.426903	camera0 images: 116, gimbal0 images: 116
2023-12-24 13:58:25.472584	camera0 images: 117, gimbal0 images: 116
2023-12-24 13:58:25.474530	camera0_116.jpg	116	[329615607, -1172683900, -37178, 0, 0, 0, 0.0, 0.007998435758054256, 211, 0, -2.625072956085205, 0.000807391304988414]
2023-12-24 13:58:25.509245	camera0 images: 118, gimbal0 images: 116
2023-12-24 13:58:25.513088	camera0_117.jpg	117	[329615607, -1172683900, -37181, 0, 0, 0, 0.0, 0.007882104255259037, 211, 0, -2.6292600631713867, 0.0003658098285086453]
2023-12-24 13:58:25.546017	camera0 images: 118, gimbal0 images: 116
2023-12-24 13:58:25.590228	camera0 images: 118, gimbal0 images: 116
2023-12-24 13:58:25.624214	camera0 images: 118, gimbal0 images: 116
2023-12-24 13:58:25.656978	camera0 images: 118, gimbal0 images: 116
2023-12-24 13:58:25.697842	camera0 images: 118, gimbal0 images: 116
2023-12-24 13:58:25.729918	camera0 images: 118, gimbal0 images: 116
2023-12-24 13:58:25.775138	camera0 images: 118, gimbal0 images: 117
2023-12-24 13:58:25.797170	gimbal0_116.jpg	116	[329615607, -1172683899, -37211, 0, 0, 0, 0.0, 0.0065719857811927795, 211, 0, -2.6579599380493164, -0.0032467152923345566]
2023-12-24 13:58:25.828664	camera0 images: 118, gimbal0 images: 120
2023-12-24 13:58:25.836219	gimbal0_119.jpg	119	[329615607, -1172683899, -37211, 0, 0, 0, 0.0, 0.006499595008790493, 211, 0, -2.663700819015503, -0.0039819939993321896]
2023-12-24 13:58:25.872442	camera0 images: 119, gimbal0 images: 121
2023-12-24 13:58:25.878404	camera0_118.jpg	118	[329615607, -1172683899, -37215, 0, 0, 0, 0.0, 0.006498988252133131, 211, 0, -2.667372226715088, -0.004229485057294369]
2023-12-24 13:58:25.878778	gimbal0_120.jpg	120	[329615607, -1172683899, -37215, 0, 0, 0, 0.0, 0.006498988252133131, 211, 0, -2.667372226715088, -0.004229485057294369]
2023-12-24 13:58:25.925022	camera0 images: 120, gimbal0 images: 121
2023-12-24 13:58:25.930045	camera0_119.jpg	119	[329615607, -1172683899, -37219, 0, 0, 0, 0.0, 0.006417356431484222, 211, 0, -2.6716902256011963, -0.004570531193166971]
2023-12-24 13:58:25.964356	camera0 images: 121, gimbal0 images: 121
2023-12-24 13:58:25.968334	camera0_120.jpg	120	[329615607, -1172683899, -37223, 0, 0, 0, 0.0, 0.006417356431484222, 211, 0, -2.6716902256011963, -0.004570531193166971]
2023-12-24 13:58:26.033334	camera0 images: 122, gimbal0 images: 121
2023-12-24 13:58:26.039342	camera0_121.jpg	121	[329615607, -1172683899, -37229, 0, 0, 0, 0.0, 0.006420525256544352, 211, 0, -2.678128719329834, -0.0054300399497151375]
2023-12-24 13:58:26.072484	camera0 images: 123, gimbal0 images: 121
2023-12-24 13:58:26.077715	camera0_122.jpg	122	[329615607, -1172683899, -37233, 0, 0, 0, 0.0, 0.006569817662239075, 211, 0, -2.682896137237549, -0.005980255082249641]
2023-12-24 13:58:26.108493	camera0 images: 123, gimbal0 images: 121
2023-12-24 13:58:26.140825	camera0 images: 123, gimbal0 images: 121
2023-12-24 13:58:26.171615	camera0 images: 123, gimbal0 images: 121
2023-12-24 13:58:26.210715	camera0 images: 123, gimbal0 images: 121
2023-12-24 13:58:26.244898	camera0 images: 123, gimbal0 images: 121
2023-12-24 13:58:26.279863	camera0 images: 123, gimbal0 images: 124
2023-12-24 13:58:26.283650	gimbal0_123.jpg	123	[329615607, -1172683898, -37248, 0, 0, 0, 0.0, 0.005950383376330137, 211, 0, -2.70041561126709, -0.007839753292500973]
2023-12-24 13:58:26.314292	camera0 images: 124, gimbal0 images: 125
2023-12-24 13:58:26.329569	camera0_123.jpg	123	[329615607, -1172683898, -37251, 0, 0, 0, 0.0, 0.006193815730512142, 211, 0, -2.7055087089538574, -0.00855855830013752]
2023-12-24 13:58:26.329710	gimbal0_124.jpg	124	[329615607, -1172683898, -37251, 0, 0, 0, 0.0, 0.006193815730512142, 211, 0, -2.7055087089538574, -0.00855855830013752]
2023-12-24 13:58:26.361784	camera0 images: 125, gimbal0 images: 126
2023-12-24 13:58:26.364753	camera0_124.jpg	124	[329615607, -1172683898, -37256, 0, 0, 0, 0.0, 0.006193815730512142, 211, 0, -2.7055087089538574, -0.00855855830013752]
2023-12-24 13:58:26.364961	gimbal0_125.jpg	125	[329615607, -1172683898, -37256, 0, 0, 0, 0.0, 0.006193815730512142, 211, 0, -2.7055087089538574, -0.00855855830013752]
2023-12-24 13:58:26.402078	camera0 images: 126, gimbal0 images: 126
2023-12-24 13:58:26.406266	camera0_125.jpg	125	[329615607, -1172683898, -37262, 0, 0, 0, 0.0, 0.00636323494836688, 211, 0, -2.7115464210510254, -0.009315033443272114]
2023-12-24 13:58:26.438082	camera0 images: 127, gimbal0 images: 126
2023-12-24 13:58:26.443490	camera0_126.jpg	126	[329615607, -1172683897, -37267, 0, 0, 1, 0.0, 0.006780882831662893, 211, 0, -2.717207908630371, -0.010209830477833748]
2023-12-24 13:58:26.482366	camera0 images: 127, gimbal0 images: 126
2023-12-24 13:58:26.516393	camera0 images: 127, gimbal0 images: 126
2023-12-24 13:58:26.549008	camera0 images: 127, gimbal0 images: 126
2023-12-24 13:58:26.581061	camera0 images: 127, gimbal0 images: 126
2023-12-24 13:58:26.612732	camera0 images: 127, gimbal0 images: 126
2023-12-24 13:58:26.643681	camera0 images: 127, gimbal0 images: 126
2023-12-24 13:58:26.676478	camera0 images: 127, gimbal0 images: 126
2023-12-24 13:58:26.707168	camera0 images: 127, gimbal0 images: 126
2023-12-24 13:58:26.754803	camera0 images: 127, gimbal0 images: 126
2023-12-24 13:58:26.800270	camera0 images: 127, gimbal0 images: 130
2023-12-24 13:58:26.802140	gimbal0_129.jpg	129	[329615607, -1172683896, -37298, 0, 0, 1, 0.0, 0.005056354217231274, 211, 0, -2.746863842010498, -0.012839074246585369]
2023-12-24 13:58:26.833502	camera0 images: 128, gimbal0 images: 130
2023-12-24 13:58:26.834448	camera0_127.jpg	127	[329615607, -1172683896, -37298, 0, 0, 1, 0.0, 0.004743053112179041, 211, 0, -2.7528882026672363, -0.013509321957826614]
2023-12-24 13:58:26.867629	camera0 images: 129, gimbal0 images: 131
2023-12-24 13:58:26.910044	camera0_128.jpg	128	[329615607, -1172683896, -37306, 0, 0, 1, 0.0, 0.00447213975712657, 211, 0, -2.7571825981140137, -0.013892346993088722]
2023-12-24 13:58:26.910194	gimbal0_130.jpg	130	[329615607, -1172683896, -37306, 0, 0, 1, 0.0, 0.00447213975712657, 211, 0, -2.7571825981140137, -0.013892346993088722]
2023-12-24 13:58:26.948985	camera0 images: 131, gimbal0 images: 131
2023-12-24 13:58:26.952433	camera0_130.jpg	130	[329615607, -1172683896, -37311, 0, 0, 1, 0.0, 0.00496178213506937, 211, 0, -2.762120246887207, -0.0142769580706954]
2023-12-24 13:58:26.990018	camera0 images: 132, gimbal0 images: 131
2023-12-24 13:58:26.994402	camera0_131.jpg	131	[329615607, -1172683896, -37315, 0, 0, 1, 0.0, 0.005783514119684696, 211, 0, -2.768007755279541, -0.014691123738884926]
2023-12-24 13:58:27.028892	camera0 images: 133, gimbal0 images: 131
2023-12-24 13:58:27.029975	camera0_132.jpg	132	[329615607, -1172683896, -37315, 0, 0, 1, 0.0, 0.005783514119684696, 211, 0, -2.768007755279541, -0.014691123738884926]
2023-12-24 13:58:27.062024	camera0 images: 133, gimbal0 images: 131
2023-12-24 13:58:27.099481	camera0 images: 133, gimbal0 images: 131
2023-12-24 13:58:27.134197	camera0 images: 133, gimbal0 images: 131
2023-12-24 13:58:27.171717	camera0 images: 133, gimbal0 images: 131
2023-12-24 13:58:27.210365	camera0 images: 133, gimbal0 images: 131
2023-12-24 13:58:27.260592	camera0 images: 133, gimbal0 images: 131
2023-12-24 13:58:27.306092	camera0 images: 134, gimbal0 images: 134
2023-12-24 13:58:27.308975	camera0_133.jpg	133	[329615607, -1172683895, -37334, 0, 0, 1, 0.0, 0.00703912740573287, 211, 0, -2.7863619327545166, -0.014760090038180351]
2023-12-24 13:58:27.309202	gimbal0_133.jpg	133	[329615607, -1172683895, -37334, 0, 0, 1, 0.0, 0.00703912740573287, 211, 0, -2.7863619327545166, -0.014760090038180351]
2023-12-24 13:58:27.342389	camera0 images: 135, gimbal0 images: 135
2023-12-24 13:58:27.344255	camera0_134.jpg	134	[329615607, -1172683895, -37337, 0, 0, 1, 0.0, 0.006772181950509548, 211, 0, -2.7892026901245117, -0.014544624835252762]
2023-12-24 13:58:27.344390	gimbal0_134.jpg	134	[329615607, -1172683895, -37337, 0, 0, 1, 0.0, 0.006772181950509548, 211, 0, -2.7892026901245117, -0.014544624835252762]
2023-12-24 13:58:27.378217	camera0 images: 135, gimbal0 images: 136
2023-12-24 13:58:27.379952	gimbal0_135.jpg	135	[329615607, -1172683895, -37337, 0, 0, 1, 0.0, 0.006464685313403606, 211, 0, -2.795006275177002, -0.014876183122396469]
2023-12-24 13:58:27.413652	camera0 images: 136, gimbal0 images: 136
2023-12-24 13:58:27.416362	camera0_135.jpg	135	[329615607, -1172683895, -37342, 0, 0, 1, 0.0, 0.006464685313403606, 211, 0, -2.795006275177002, -0.014876183122396469]
2023-12-24 13:58:27.451778	camera0 images: 137, gimbal0 images: 136
2023-12-24 13:58:27.453475	camera0_136.jpg	136	[329615608, -1172683895, -37345, 0, 0, 1, 0.0, 0.006247412413358688, 211, 0, -2.798377275466919, -0.014969871379435062]
2023-12-24 13:58:27.492293	camera0 images: 137, gimbal0 images: 136
2023-12-24 13:58:27.526297	camera0 images: 138, gimbal0 images: 136
2023-12-24 13:58:27.529198	camera0_137.jpg	137	[329615608, -1172683895, -37347, 0, 0, 1, 0.0, 0.0060888249427080154, 211, 0, -2.801318407058716, -0.015067173168063164]
2023-12-24 13:58:27.560300	camera0 images: 138, gimbal0 images: 136
2023-12-24 13:58:27.594690	camera0 images: 138, gimbal0 images: 136
2023-12-24 13:58:27.627445	camera0 images: 138, gimbal0 images: 136
2023-12-24 13:58:27.660837	camera0 images: 138, gimbal0 images: 136
2023-12-24 13:58:27.697299	camera0 images: 138, gimbal0 images: 136
2023-12-24 13:58:27.743921	camera0 images: 138, gimbal0 images: 136
2023-12-24 13:58:27.783480	camera0 images: 138, gimbal0 images: 139
2023-12-24 13:58:27.788837	gimbal0_138.jpg	138	[329615608, -1172683894, -37367, 0, 0, 1, 0.0, 0.0054474794305861, 211, 0, -2.8215770721435547, -0.015491890721023083]
2023-12-24 13:58:27.826611	camera0 images: 139, gimbal0 images: 140
2023-12-24 13:58:27.828422	camera0_138.jpg	138	[329615608, -1172683894, -37367, 0, 0, 1, 0.0, 0.004900544881820679, 211, 0, -2.825883388519287, -0.015710342675447464]
2023-12-24 13:58:27.828559	gimbal0_139.jpg	139	[329615608, -1172683894, -37367, 0, 0, 1, 0.0, 0.004900544881820679, 211, 0, -2.825883388519287, -0.015710342675447464]
2023-12-24 13:58:27.873814	camera0 images: 139, gimbal0 images: 141
2023-12-24 13:58:27.876154	gimbal0_140.jpg	140	[329615608, -1172683894, -37371, 0, 0, 1, 0.0, 0.004693788476288319, 211, 0, -2.8284752368927, -0.015842420980334282]
2023-12-24 13:58:27.914621	camera0 images: 141, gimbal0 images: 141
2023-12-24 13:58:27.916821	camera0_140.jpg	140	[329615608, -1172683894, -37373, 0, 0, 1, 0.0, 0.004693788476288319, 211, 0, -2.8284752368927, -0.015842420980334282]
2023-12-24 13:58:27.955118	camera0 images: 142, gimbal0 images: 141
2023-12-24 13:58:27.956728	camera0_141.jpg	141	[329615608, -1172683894, -37373, 0, 0, 1, 0.0, 0.0044220201671123505, 211, 0, -2.8332090377807617, -0.01616688258945942]
2023-12-24 13:58:27.999727	camera0 images: 143, gimbal0 images: 141
2023-12-24 13:58:28.008937	camera0_142.jpg	142	[329615608, -1172683894, -37382, 0, 0, 1, 0.0, 0.004505035933107138, 211, 0, -2.838068962097168, -0.016492145135998726]
2023-12-24 13:58:28.040390	camera0 images: 143, gimbal0 images: 141
2023-12-24 13:58:28.073342	camera0 images: 143, gimbal0 images: 141
2023-12-24 13:58:28.117751	camera0 images: 143, gimbal0 images: 141
2023-12-24 13:58:28.161320	camera0 images: 143, gimbal0 images: 141
2023-12-24 13:58:28.204466	camera0 images: 143, gimbal0 images: 141
2023-12-24 13:58:28.242486	camera0 images: 143, gimbal0 images: 141
2023-12-24 13:58:28.276216	camera0 images: 143, gimbal0 images: 143
2023-12-24 13:58:28.279322	gimbal0_142.jpg	142	[329615609, -1172683893, -37399, 0, 0, 1, 0.0, 0.002205459401011467, 211, 0, -2.8576736450195312, -0.017369354143738747]
2023-12-24 13:58:28.323554	camera0 images: 143, gimbal0 images: 145
2023-12-24 13:58:28.326289	gimbal0_144.jpg	144	[329615609, -1172683893, -37401, 0, 0, 1, 0.0, 0.0015828999457880855, 211, 0, -2.85947322845459, -0.017168201506137848]
2023-12-24 13:58:28.360799	camera0 images: 144, gimbal0 images: 145
2023-12-24 13:58:28.362575	camera0_143.jpg	143	[329615609, -1172683893, -37403, 0, 0, 1, 0.0, 0.0015828999457880855, 211, 0, -2.85947322845459, -0.017168201506137848]
2023-12-24 13:58:28.398626	camera0 images: 145, gimbal0 images: 146
2023-12-24 13:58:28.417484	camera0_144.jpg	144	[329615609, -1172683893, -37407, 0, 0, 1, 0.0, 0.0019986575935035944, 211, 0, -2.8645553588867188, -0.017159944400191307]
2023-12-24 13:58:28.417643	gimbal0_145.jpg	145	[329615609, -1172683893, -37407, 0, 0, 1, 0.0, 0.0019986575935035944, 211, 0, -2.8645553588867188, -0.017159944400191307]
2023-12-24 13:58:28.451460	camera0 images: 146, gimbal0 images: 146
2023-12-24 13:58:28.454121	camera0_145.jpg	145	[329615609, -1172683893, -37410, 0, 0, 1, 0.0, 0.0024255840107798576, 211, 0, -2.8680853843688965, -0.01700069196522236]
2023-12-24 13:58:28.492855	camera0 images: 147, gimbal0 images: 146
2023-12-24 13:58:28.498047	camera0_146.jpg	146	[329615609, -1172683893, -37412, 0, 0, 1, 0.0, 0.0029147614259272814, 211, 0, -2.8699967861175537, -0.016899239271879196]
2023-12-24 13:58:28.538826	camera0 images: 148, gimbal0 images: 146
2023-12-24 13:58:28.541864	camera0_147.jpg	147	[329615610, -1172683893, -37413, 0, 0, 1, 0.0, 0.0029808308463543653, 211, 0, -2.873338222503662, -0.016574567183852196]
2023-12-24 13:58:28.579786	camera0 images: 148, gimbal0 images: 146
2023-12-24 13:58:28.613004	camera0 images: 148, gimbal0 images: 146
2023-12-24 13:58:28.659395	camera0 images: 148, gimbal0 images: 146
2023-12-24 13:58:28.706908	camera0 images: 148, gimbal0 images: 146
2023-12-24 13:58:28.740923	camera0 images: 148, gimbal0 images: 146
2023-12-24 13:58:28.795917	camera0 images: 148, gimbal0 images: 148
2023-12-24 13:58:28.801324	gimbal0_147.jpg	147	[329615610, -1172683892, -37427, 0, 0, 1, 0.0, 0.003188906004652381, 212, 0, -2.8859267234802246, -0.014947417192161083]
2023-12-24 13:58:28.839975	camera0 images: 149, gimbal0 images: 150
2023-12-24 13:58:28.841665	camera0_148.jpg	148	[329615610, -1172683892, -37430, 0, 0, 1, 0.0, 0.003394998610019684, 212, 0, -2.8897061347961426, -0.014809397980570793]
2023-12-24 13:58:28.841990	gimbal0_149.jpg	149	[329615610, -1172683892, -37430, 0, 0, 1, 0.0, 0.003394998610019684, 212, 0, -2.8897061347961426, -0.014809397980570793]
2023-12-24 13:58:28.875334	camera0 images: 149, gimbal0 images: 150
2023-12-24 13:58:28.915851	camera0 images: 150, gimbal0 images: 151
2023-12-24 13:58:28.918834	camera0_149.jpg	149	[329615610, -1172683892, -37432, 0, 0, 1, 0.0, 0.00349708111025393, 212, 0, -2.8919758796691895, -0.014537116512656212]
2023-12-24 13:58:28.930646	gimbal0_150.jpg	150	[329615610, -1172683892, -37432, 0, 0, 1, 0.0, 0.00349708111025393, 212, 0, -2.8919758796691895, -0.014537116512656212]
2023-12-24 13:58:28.967829	camera0 images: 152, gimbal0 images: 151
2023-12-24 13:58:28.974859	camera0_151.jpg	151	[329615610, -1172683892, -37434, 0, 0, 1, 0.0, 0.0037552628200501204, 212, 0, -2.8954501152038574, -0.014198093675076962]
2023-12-24 13:58:29.010926	camera0 images: 152, gimbal0 images: 151
2023-12-24 13:58:29.050993	camera0 images: 153, gimbal0 images: 151
2023-12-24 13:58:29.053251	camera0_152.jpg	152	[329615610, -1172683892, -37442, 0, 0, 1, 0.0, 0.0037670989986509085, 212, 0, -2.903799057006836, -0.01438863854855299]
2023-12-24 13:58:29.091317	camera0 images: 153, gimbal0 images: 151
2023-12-24 13:58:29.126919	camera0 images: 153, gimbal0 images: 151
2023-12-24 13:58:29.169771	camera0 images: 153, gimbal0 images: 151
2023-12-24 13:58:29.204321	camera0 images: 153, gimbal0 images: 151
2023-12-24 13:58:29.238762	camera0 images: 153, gimbal0 images: 151
2023-12-24 13:58:29.275638	camera0 images: 153, gimbal0 images: 153
2023-12-24 13:58:29.277494	gimbal0_152.jpg	152	[329615610, -1172683892, -37453, 0, 0, 1, 0.0, 0.004875103943049908, 212, 0, -2.9165244102478027, -0.013292692601680756]
2023-12-24 13:58:29.312587	camera0 images: 153, gimbal0 images: 155
2023-12-24 13:58:29.319144	gimbal0_154.jpg	154	[329615611, -1172683891, -37454, 0, 0, 1, 0.0, 0.005187162198126316, 212, 0, -2.9186530113220215, -0.012936199083924294]
2023-12-24 13:58:29.357275	camera0 images: 155, gimbal0 images: 156
2023-12-24 13:58:29.359618	camera0_154.jpg	154	[329615611, -1172683891, -37455, 0, 0, 1, 0.0, 0.005187162198126316, 212, 0, -2.9186530113220215, -0.012936199083924294]
2023-12-24 13:58:29.359844	gimbal0_155.jpg	155	[329615611, -1172683891, -37455, 0, 0, 1, 0.0, 0.005187162198126316, 212, 0, -2.9186530113220215, -0.012936199083924294]
2023-12-24 13:58:29.395678	camera0 images: 155, gimbal0 images: 156
2023-12-24 13:58:29.449543	camera0 images: 156, gimbal0 images: 156
2023-12-24 13:58:29.451873	camera0_155.jpg	155	[329615611, -1172683891, -37462, 0, 0, 1, 0.0, 0.00525902071967721, 212, 0, -2.9258193969726562, -0.012511778622865677]
2023-12-24 13:58:29.515958	camera0 images: 157, gimbal0 images: 156
2023-12-24 13:58:29.519666	camera0_156.jpg	156	[329615611, -1172683891, -37463, 0, 0, 1, 0.0, 0.005318718031048775, 212, 0, -2.927570343017578, -0.012117493897676468]
2023-12-24 13:58:29.552838	camera0 images: 158, gimbal0 images: 156
2023-12-24 13:58:29.554543	camera0_157.jpg	157	[329615611, -1172683891, -37465, 0, 0, 1, 0.0, 0.005410181358456612, 212, 0, -2.9308295249938965, -0.011733459308743477]
2023-12-24 13:58:29.596813	camera0 images: 158, gimbal0 images: 156
2023-12-24 13:58:29.633054	camera0 images: 158, gimbal0 images: 156
2023-12-24 13:58:29.668287	camera0 images: 158, gimbal0 images: 156
2023-12-24 13:58:29.717733	camera0 images: 158, gimbal0 images: 156
2023-12-24 13:58:29.782094	camera0 images: 158, gimbal0 images: 158
2023-12-24 13:58:29.788714	gimbal0_157.jpg	157	[329615612, -1172683890, -37477, 0, 0, 1, 0.0, 0.006115200463682413, 212, 0, -2.94307279586792, -0.010825255885720253]
2023-12-24 13:58:29.826010	camera0 images: 159, gimbal0 images: 160
2023-12-24 13:58:29.828340	camera0_158.jpg	158	[329615612, -1172683890, -37477, 0, 0, 1, 0.0, 0.005989159923046827, 212, 0, -2.9458789825439453, -0.010694102384150028]
2023-12-24 13:58:29.829476	gimbal0_159.jpg	159	[329615612, -1172683890, -37477, 0, 0, 1, 0.0, 0.005989159923046827, 212, 0, -2.9458789825439453, -0.010694102384150028]
2023-12-24 13:58:29.865569	camera0 images: 160, gimbal0 images: 161
2023-12-24 13:58:29.868962	camera0_159.jpg	159	[329615612, -1172683890, -37479, 0, 0, 1, 0.0, 0.006021799053996801, 212, 0, -2.9481964111328125, -0.010151146911084652]
2023-12-24 13:58:29.869096	gimbal0_160.jpg	160	[329615612, -1172683890, -37479, 0, 0, 1, 0.0, 0.006021799053996801, 212, 0, -2.9481964111328125, -0.010151146911084652]
2023-12-24 13:58:29.908528	camera0 images: 161, gimbal0 images: 161
2023-12-24 13:58:29.910326	camera0_160.jpg	160	[329615612, -1172683890, -37481, 0, 0, 1, 0.0, 0.006021799053996801, 212, 0, -2.9481964111328125, -0.010151146911084652]
2023-12-24 13:58:29.956550	camera0 images: 162, gimbal0 images: 161
2023-12-24 13:58:29.961907	camera0_161.jpg	161	[329615612, -1172683890, -37483, 0, 0, 0, 0.0, 0.006010808516293764, 212, 0, -2.9511823654174805, -0.009931639768183231]
2023-12-24 13:58:29.996924	camera0 images: 163, gimbal0 images: 161
2023-12-24 13:58:29.998553	camera0_162.jpg	162	[329615612, -1172683890, -37487, 0, 0, 1, 0.0, 0.006302405148744583, 212, 0, -2.9561378955841064, -0.010222572833299637]
2023-12-24 13:58:30.059965	camera0 images: 163, gimbal0 images: 161
2023-12-24 13:58:30.100630	camera0 images: 163, gimbal0 images: 161
2023-12-24 13:58:30.148547	camera0 images: 163, gimbal0 images: 161
2023-12-24 13:58:30.186330	camera0 images: 163, gimbal0 images: 161
2023-12-24 13:58:30.221443	camera0 images: 163, gimbal0 images: 161
2023-12-24 13:58:30.277908	camera0 images: 163, gimbal0 images: 163
2023-12-24 13:58:30.279945	gimbal0_162.jpg	162	[329615612, -1172683890, -37500, 0, 0, 0, 0.0, 0.005833832547068596, 212, 0, -2.973308563232422, -0.009444243274629116]
2023-12-24 13:58:30.336477	camera0 images: 164, gimbal0 images: 165
2023-12-24 13:58:30.340599	camera0_163.jpg	163	[329615612, -1172683890, -37504, 0, 0, 0, 0.0, 0.005833919160068035, 212, 0, -2.9770290851593018, -0.00942255649715662]
2023-12-24 13:58:30.340747	gimbal0_164.jpg	164	[329615612, -1172683890, -37504, 0, 0, 0, 0.0, 0.005833919160068035, 212, 0, -2.9770290851593018, -0.00942255649715662]
2023-12-24 13:58:30.376261	camera0 images: 165, gimbal0 images: 166
2023-12-24 13:58:30.377630	camera0_164.jpg	164	[329615612, -1172683890, -37504, 0, 0, 0, 0.0, 0.006107284687459469, 212, 0, -2.981501340866089, -0.009642543271183968]
2023-12-24 13:58:30.377790	gimbal0_165.jpg	165	[329615612, -1172683890, -37504, 0, 0, 0, 0.0, 0.006107284687459469, 212, 0, -2.981501340866089, -0.009642543271183968]
2023-12-24 13:58:30.416370	camera0 images: 166, gimbal0 images: 166
2023-12-24 13:58:30.419522	camera0_165.jpg	165	[329615612, -1172683889, -37508, 0, 0, 0, 0.0, 0.006107284687459469, 212, 0, -2.981501340866089, -0.009642543271183968]
2023-12-24 13:58:30.455791	camera0 images: 167, gimbal0 images: 166
2023-12-24 13:58:30.457666	camera0_166.jpg	166	[329615612, -1172683889, -37511, 0, 0, 0, 0.0, 0.006311329547315836, 212, 0, -2.9853434562683105, -0.009690092876553535]
2023-12-24 13:58:30.493763	camera0 images: 167, gimbal0 images: 166
2023-12-24 13:58:30.540776	camera0 images: 168, gimbal0 images: 166
2023-12-24 13:58:30.554955	camera0_167.jpg	167	[329615613, -1172683889, -37515, 0, 0, 1, 0.0, 0.006716785486787558, 212, 0, -2.9926300048828125, -0.010042840614914894]
2023-12-24 13:58:30.594896	camera0 images: 168, gimbal0 images: 166
2023-12-24 13:58:30.640526	camera0 images: 168, gimbal0 images: 166
2023-12-24 13:58:30.678293	camera0 images: 168, gimbal0 images: 166
2023-12-24 13:58:30.723900	camera0 images: 168, gimbal0 images: 166
2023-12-24 13:58:30.764240	camera0 images: 168, gimbal0 images: 167
2023-12-24 13:58:30.767298	gimbal0_166.jpg	166	[329615613, -1172683889, -37526, 0, 0, 1, 0.0, 0.0073830862529575825, 212, 0, -3.0081253051757812, -0.010470669716596603]
2023-12-24 13:58:30.810567	camera0 images: 168, gimbal0 images: 170
2023-12-24 13:58:30.812715	gimbal0_169.jpg	169	[329615613, -1172683889, -37530, 0, 0, 1, 0.0, 0.0073830862529575825, 212, 0, -3.0081253051757812, -0.010470669716596603]
2023-12-24 13:58:30.858966	camera0 images: 169, gimbal0 images: 170
2023-12-24 13:58:30.861490	camera0_168.jpg	168	[329615613, -1172683889, -37533, 0, 0, 1, 0.0, 0.007632301654666662, 212, 0, -3.0119895935058594, -0.010349691845476627]
2023-12-24 13:58:30.900663	camera0 images: 171, gimbal0 images: 171
2023-12-24 13:58:30.902774	camera0_170.jpg	170	[329615613, -1172683889, -37535, 0, 0, 1, 0.0, 0.007939730770885944, 212, 0, -3.014301300048828, -0.010288327932357788]
2023-12-24 13:58:30.902901	gimbal0_170.jpg	170	[329615613, -1172683889, -37535, 0, 0, 1, 0.0, 0.007939730770885944, 212, 0, -3.014301300048828, -0.010288327932357788]
2023-12-24 13:58:30.937288	camera0 images: 172, gimbal0 images: 171
2023-12-24 13:58:30.939606	camera0_171.jpg	171	[329615613, -1172683889, -37535, 0, 0, 1, 0.0, 0.007695674430578947, 212, 0, -3.018148422241211, -0.010462355799973011]
2023-12-24 13:58:30.989155	camera0 images: 172, gimbal0 images: 171
2023-12-24 13:58:31.027509	camera0 images: 173, gimbal0 images: 171
2023-12-24 13:58:31.028435	camera0_172.jpg	172	[329615613, -1172683888, -37539, 0, 0, 1, 0.0, 0.006856014020740986, 212, 0, -3.0216829776763916, -0.010469870641827583]
2023-12-24 13:58:31.074132	camera0 images: 173, gimbal0 images: 171
2023-12-24 13:58:31.115765	camera0 images: 173, gimbal0 images: 171
2023-12-24 13:58:31.156188	camera0 images: 173, gimbal0 images: 171
2023-12-24 13:58:31.198829	camera0 images: 173, gimbal0 images: 171
2023-12-24 13:58:31.233969	camera0 images: 173, gimbal0 images: 171
2023-12-24 13:58:31.272252	camera0 images: 173, gimbal0 images: 173
2023-12-24 13:58:31.275143	gimbal0_172.jpg	172	[329615613, -1172683888, -37548, 0, 0, 1, 0.0, 0.005076511297374964, 212, 0, -3.035823345184326, -0.01022004708647728]
2023-12-24 13:58:31.312033	camera0 images: 173, gimbal0 images: 175
2023-12-24 13:58:31.312528	gimbal0_174.jpg	174	[329615613, -1172683888, -37548, 0, 0, 1, 0.0, 0.005076511297374964, 212, 0, -3.035823345184326, -0.01022004708647728]
2023-12-24 13:58:31.350047	camera0 images: 174, gimbal0 images: 175
2023-12-24 13:58:31.360726	camera0_173.jpg	173	[329615613, -1172683888, -37549, 0, 0, 1, 0.0, 0.0048218690790236, 212, 0, -3.0380375385284424, -0.010015975683927536]
2023-12-24 13:58:31.398258	camera0 images: 176, gimbal0 images: 176
2023-12-24 13:58:31.416965	camera0_175.jpg	175	[329615613, -1172683887, -37553, 0, 0, 1, 0.0, 0.004360772669315338, 212, 0, -3.0426125526428223, -0.01029894407838583]
2023-12-24 13:58:31.417115	gimbal0_175.jpg	175	[329615613, -1172683887, -37553, 0, 0, 1, 0.0, 0.004360772669315338, 212, 0, -3.0426125526428223, -0.01029894407838583]
2023-12-24 13:58:31.452797	camera0 images: 177, gimbal0 images: 176
2023-12-24 13:58:31.455852	camera0_176.jpg	176	[329615613, -1172683887, -37555, 0, 0, 1, 0.0, 0.004206701181828976, 212, 0, -3.0452260971069336, -0.010122829116880894]
2023-12-24 13:58:31.514749	camera0 images: 177, gimbal0 images: 176
2023-12-24 13:58:31.551756	camera0 images: 178, gimbal0 images: 176
2023-12-24 13:58:31.553055	camera0_177.jpg	177	[329615613, -1172683887, -37557, 0, 0, 1, 0.0, 0.0038934145122766495, 212, 0, -3.050650119781494, -0.010039066895842552]
2023-12-24 13:58:31.600735	camera0 images: 178, gimbal0 images: 176
2023-12-24 13:58:31.640859	camera0 images: 178, gimbal0 images: 176
2023-12-24 13:58:31.691533	camera0 images: 178, gimbal0 images: 176
2023-12-24 13:58:31.728413	camera0 images: 178, gimbal0 images: 176
2023-12-24 13:58:31.779569	camera0 images: 178, gimbal0 images: 178
2023-12-24 13:58:31.799854	gimbal0_177.jpg	177	[329615613, -1172683886, -37564, 0, 0, 0, 0.0, 0.003453451907262206, 212, 0, -3.059445381164551, -0.009293835610151291]
2023-12-24 13:58:31.837029	camera0 images: 179, gimbal0 images: 180
2023-12-24 13:58:31.839408	camera0_178.jpg	178	[329615613, -1172683886, -37567, 0, 0, 0, 0.0, 0.004034244455397129, 212, 0, -3.063636302947998, -0.00946142990142107]
2023-12-24 13:58:31.839611	gimbal0_179.jpg	179	[329615613, -1172683886, -37567, 0, 0, 0, 0.0, 0.004034244455397129, 212, 0, -3.063636302947998, -0.00946142990142107]
2023-12-24 13:58:31.882385	camera0 images: 180, gimbal0 images: 181
2023-12-24 13:58:31.885432	camera0_179.jpg	179	[329615613, -1172683886, -37570, 0, 0, 0, 0.0, 0.00465975608676672, 212, 0, -3.0665431022644043, -0.009313967078924179]
2023-12-24 13:58:31.885632	gimbal0_180.jpg	180	[329615613, -1172683886, -37570, 0, 0, 0, 0.0, 0.00465975608676672, 212, 0, -3.0665431022644043, -0.009313967078924179]
2023-12-24 13:58:31.932915	camera0 images: 181, gimbal0 images: 181
2023-12-24 13:58:31.936601	camera0_180.jpg	180	[329615613, -1172683886, -37571, 0, 0, 0, 0.0, 0.00517435185611248, 212, 0, -3.068293571472168, -0.009217269718647003]
2023-12-24 13:58:31.973191	camera0 images: 182, gimbal0 images: 181
2023-12-24 13:58:31.975719	camera0_181.jpg	181	[329615613, -1172683886, -37571, 0, 0, 0, 0.0, 0.00517435185611248, 212, 0, -3.068293571472168, -0.009217269718647003]
2023-12-24 13:58:32.010229	camera0 images: 183, gimbal0 images: 181
2023-12-24 13:58:32.012357	camera0_182.jpg	182	[329615613, -1172683886, -37570, 0, 0, 0, 0.0, 0.005635745357722044, 212, 0, -3.071955680847168, -0.009389109909534454]
2023-12-24 13:58:32.047199	camera0 images: 183, gimbal0 images: 181
2023-12-24 13:58:32.096444	camera0 images: 183, gimbal0 images: 181
2023-12-24 13:58:32.133384	camera0 images: 183, gimbal0 images: 181
2023-12-24 13:58:32.169825	camera0 images: 183, gimbal0 images: 181
2023-12-24 13:58:32.217651	camera0 images: 183, gimbal0 images: 181
2023-12-24 13:58:32.255786	camera0 images: 183, gimbal0 images: 181
2023-12-24 13:58:32.306143	camera0 images: 183, gimbal0 images: 185
2023-12-24 13:58:32.319538	gimbal0_184.jpg	184	[329615613, -1172683886, -37586, 0, 0, 1, 0.0, 0.00585535354912281, 212, 0, -3.0904886722564697, -0.011027527041733265]
2023-12-24 13:58:32.364257	camera0 images: 184, gimbal0 images: 186
2023-12-24 13:58:32.366919	camera0_183.jpg	183	[329615613, -1172683886, -37588, 0, 0, 1, 0.0, 0.0060886056162416935, 212, 0, -3.092611312866211, -0.011117431335151196]
2023-12-24 13:58:32.367055	gimbal0_185.jpg	185	[329615613, -1172683886, -37588, 0, 0, 1, 0.0, 0.0060886056162416935, 212, 0, -3.092611312866211, -0.011117431335151196]
2023-12-24 13:58:32.407128	camera0 images: 186, gimbal0 images: 186
2023-12-24 13:58:32.411977	camera0_185.jpg	185	[329615613, -1172683886, -37588, 0, 0, 1, 0.0, 0.006285898387432098, 212, 0, -3.0952365398406982, -0.011132732965052128]
2023-12-24 13:58:32.448184	camera0 images: 186, gimbal0 images: 186
2023-12-24 13:58:32.506116	camera0 images: 188, gimbal0 images: 186
2023-12-24 13:58:32.508994	camera0_187.jpg	187	[329615613, -1172683886, -37590, 0, 0, 1, 0.0, 0.006340762600302696, 212, 0, -3.1004953384399414, -0.011134465225040913]
2023-12-24 13:58:32.544836	camera0 images: 188, gimbal0 images: 186
2023-12-24 13:58:32.581929	camera0 images: 188, gimbal0 images: 186
2023-12-24 13:58:32.621062	camera0 images: 188, gimbal0 images: 186
2023-12-24 13:58:32.656600	camera0 images: 188, gimbal0 images: 186
2023-12-24 13:58:32.715843	camera0 images: 188, gimbal0 images: 186
2023-12-24 13:58:32.758859	camera0 images: 188, gimbal0 images: 186
2023-12-24 13:58:32.825120	camera0 images: 188, gimbal0 images: 188
2023-12-24 13:58:32.828271	gimbal0_187.jpg	187	[329615613, -1172683885, -37591, 0, 0, 0, 0.0, 0.007027700077742338, 212, 0, -3.113192558288574, -0.009873460978269577]
2023-12-24 13:58:32.864546	camera0 images: 190, gimbal0 images: 191
2023-12-24 13:58:32.867631	camera0_189.jpg	189	[329615613, -1172683885, -37594, 0, 0, 0, 0.0, 0.007027700077742338, 212, 0, -3.113192558288574, -0.009873460978269577]
2023-12-24 13:58:32.867781	gimbal0_190.jpg	190	[329615613, -1172683885, -37594, 0, 0, 0, 0.0, 0.007027700077742338, 212, 0, -3.113192558288574, -0.009873460978269577]
2023-12-24 13:58:32.910069	camera0 images: 190, gimbal0 images: 191
2023-12-24 13:58:32.961323	camera0 images: 191, gimbal0 images: 191
2023-12-24 13:58:32.964264	camera0_190.jpg	190	[329615613, -1172683885, -37598, 0, 0, 0, 0.0, 0.007882933132350445, 212, 0, -3.117159128189087, -0.009455113671720028]
2023-12-24 13:58:33.007352	camera0 images: 192, gimbal0 images: 191
2023-12-24 13:58:33.018321	camera0_191.jpg	191	[329615613, -1172683885, -37596, 0, 0, 0, 0.0, 0.008065504021942616, 212, 0, -3.1200339794158936, -0.009488425217568874]
2023-12-24 13:58:33.053435	camera0 images: 193, gimbal0 images: 191
2023-12-24 13:58:33.054789	camera0_192.jpg	192	[329615613, -1172683885, -37599, 0, 0, 0, 0.0, 0.008135703392326832, 212, 0, -3.124028444290161, -0.009665080346167088]
2023-12-24 13:58:33.100285	camera0 images: 193, gimbal0 images: 191
2023-12-24 13:58:33.140059	camera0 images: 193, gimbal0 images: 191
2023-12-24 13:58:33.200356	camera0 images: 193, gimbal0 images: 191
2023-12-24 13:58:33.244369	camera0 images: 193, gimbal0 images: 191
2023-12-24 13:58:33.292101	camera0 images: 193, gimbal0 images: 194
2023-12-24 13:58:33.301216	gimbal0_193.jpg	193	[329615613, -1172683885, -37605, 0, 0, 0, 0.0, 0.008912117220461369, 212, 0, -3.134096622467041, -0.009140892885625362]
2023-12-24 13:58:33.339872	camera0 images: 195, gimbal0 images: 196
2023-12-24 13:58:33.342809	camera0_194.jpg	194	[329615613, -1172683885, -37606, 0, 0, 0, 0.0, 0.009165394119918346, 212, 0, -3.1353330612182617, -0.008645843714475632]
2023-12-24 13:58:33.342977	gimbal0_195.jpg	195	[329615613, -1172683885, -37606, 0, 0, 0, 0.0, 0.009165394119918346, 212, 0, -3.1353330612182617, -0.008645843714475632]
2023-12-24 13:58:33.379287	camera0 images: 195, gimbal0 images: 196
2023-12-24 13:58:33.420289	camera0 images: 196, gimbal0 images: 196
2023-12-24 13:58:33.423231	camera0_195.jpg	195	[329615614, -1172683885, -37604, 0, 0, 0, 0.0, 0.008368303999304771, 212, 0, -3.1375746726989746, -0.008320685476064682]
2023-12-24 13:58:33.482244	camera0 images: 197, gimbal0 images: 196
2023-12-24 13:58:33.487022	camera0_196.jpg	196	[329615614, -1172683885, -37608, 0, 0, 0, 0.0, 0.005839955527335405, 212, 0, -3.1424384117126465, -0.007889674976468086]
2023-12-24 13:58:33.523692	camera0 images: 198, gimbal0 images: 196
2023-12-24 13:58:33.524032	camera0_197.jpg	197	[329615614, -1172683885, -37608, 0, 0, 0, 0.0, 0.005839955527335405, 212, 0, -3.1424384117126465, -0.007889674976468086]
2023-12-24 13:58:33.577878	camera0 images: 198, gimbal0 images: 196
2023-12-24 13:58:33.635789	camera0 images: 198, gimbal0 images: 196
2023-12-24 13:58:33.680211	camera0 images: 198, gimbal0 images: 196
2023-12-24 13:58:33.724245	camera0 images: 198, gimbal0 images: 196
2023-12-24 13:58:33.771992	camera0 images: 198, gimbal0 images: 197
2023-12-24 13:58:33.776172	gimbal0_196.jpg	196	[329615615, -1172683885, -37610, 0, 0, 0, 0.0, 0.007999707944691181, 213, 0, -3.1499454975128174, -0.0064629558473825455]
2023-12-24 13:58:33.814960	camera0 images: 198, gimbal0 images: 200
2023-12-24 13:58:33.816808	gimbal0_199.jpg	199	[329615615, -1172683885, -37606, 0, 0, 0, 0.0, 0.007999707944691181, 213, 0, -3.1499454975128174, -0.0064629558473825455]
2023-12-24 13:58:33.877871	camera0 images: 199, gimbal0 images: 201
2023-12-24 13:58:33.896156	camera0_198.jpg	198	[329615616, -1172683886, -37609, 0, 0, 0, 0.0, 0.010298287495970726, 213, 0, -3.153735637664795, -0.006070769391953945]
2023-12-24 13:58:33.896312	gimbal0_200.jpg	200	[329615616, -1172683886, -37609, 0, 0, 0, 0.0, 0.010298287495970726, 213, 0, -3.153735637664795, -0.006070769391953945]
2023-12-24 13:58:33.933918	camera0 images: 201, gimbal0 images: 201
2023-12-24 13:58:33.934340	camera0_200.jpg	200	[329615616, -1172683886, -37609, 0, 0, 0, 0.0, 0.010298287495970726, 213, 0, -3.153735637664795, -0.006070769391953945]
2023-12-24 13:58:33.971802	camera0 images: 202, gimbal0 images: 201
2023-12-24 13:58:33.974679	camera0_201.jpg	201	[329615616, -1172683886, -37609, 0, 0, 0, 0.0, 0.011108738370239735, 213, 0, -3.154179573059082, -0.005689605604857206]
2023-12-24 13:58:34.020421	camera0 images: 203, gimbal0 images: 201
2023-12-24 13:58:34.022981	camera0_202.jpg	202	[329615616, -1172683886, -37606, 0, 0, 0, 0.0, 0.011929978616535664, 213, 0, -3.156677484512329, -0.005608872044831514]
2023-12-24 13:58:34.058986	camera0 images: 203, gimbal0 images: 201
2023-12-24 13:58:34.100000	camera0 images: 203, gimbal0 images: 201
2023-12-24 13:58:34.137528	camera0 images: 203, gimbal0 images: 201
2023-12-24 13:58:34.195326	camera0 images: 203, gimbal0 images: 201
2023-12-24 13:58:34.232177	camera0 images: 203, gimbal0 images: 201
2023-12-24 13:58:34.279768	camera0 images: 203, gimbal0 images: 203
2023-12-24 13:58:34.283678	gimbal0_202.jpg	202	[329615617, -1172683886, -37610, 0, 0, 0, 0.0, 0.012044252827763557, 213, 0, -3.165867328643799, -0.0044342270120978355]
2023-12-24 13:58:34.326636	camera0 images: 203, gimbal0 images: 205
2023-12-24 13:58:34.332030	gimbal0_204.jpg	204	[329615617, -1172683886, -37610, 0, 0, 0, 0.0, 0.011549841612577438, 213, 0, -3.1666030883789062, -0.004308465402573347]
2023-12-24 13:58:34.375982	camera0 images: 204, gimbal0 images: 205
2023-12-24 13:58:34.379205	camera0_203.jpg	203	[329615617, -1172683886, -37611, 0, 0, 0, 0.0, 0.011181619949638844, 213, 0, -3.168026924133301, -0.004064885433763266]
2023-12-24 13:58:34.431153	camera0 images: 206, gimbal0 images: 206
2023-12-24 13:58:34.436652	camera0_205.jpg	205	[329615617, -1172683886, -37607, 0, 0, 0, 0.0, 0.010999764315783978, 213, 0, -3.169334650039673, -0.0037644116673618555]
2023-12-24 13:58:34.437786	gimbal0_205.jpg	205	[329615617, -1172683886, -37607, 0, 0, 0, 0.0, 0.010999764315783978, 213, 0, -3.169334650039673, -0.0037644116673618555]
2023-12-24 13:58:34.482623	camera0 images: 207, gimbal0 images: 206
2023-12-24 13:58:34.485306	camera0_206.jpg	206	[329615617, -1172683886, -37607, 0, 0, 0, 0.0, 0.010999764315783978, 213, 0, -3.169334650039673, -0.0037644116673618555]
2023-12-24 13:58:34.558295	camera0 images: 208, gimbal0 images: 206
2023-12-24 13:58:34.563464	camera0_207.jpg	207	[329615617, -1172683886, -37607, 0, 0, 0, 0.0, 0.010826677083969116, 213, 0, -3.168987274169922, -0.002833297476172447]
2023-12-24 13:58:34.602755	camera0 images: 208, gimbal0 images: 206
2023-12-24 13:58:34.655538	camera0 images: 208, gimbal0 images: 206
2023-12-24 13:58:34.704329	camera0 images: 208, gimbal0 images: 206
2023-12-24 13:58:34.750849	camera0 images: 208, gimbal0 images: 206
2023-12-24 13:58:34.796403	camera0 images: 208, gimbal0 images: 210
2023-12-24 13:58:34.799985	gimbal0_209.jpg	209	[329615617, -1172683886, -37600, 0, 0, 0, 0.0, 0.008825107477605343, 213, 0, -3.1723453998565674, -0.0015569450333714485]
2023-12-24 13:58:34.854233	camera0 images: 209, gimbal0 images: 210
2023-12-24 13:58:34.857183	camera0_208.jpg	208	[329615617, -1172683886, -37602, 0, 0, 0, 0.0, 0.008263878524303436, 213, 0, -3.1738500595092773, -0.0013277650577947497]
2023-12-24 13:58:34.900324	camera0 images: 210, gimbal0 images: 211
2023-12-24 13:58:34.903743	camera0_209.jpg	209	[329615617, -1172683886, -37602, 0, 0, 0, 0.0, 0.007854626514017582, 213, 0, -3.1747069358825684, -0.0009839293779805303]
2023-12-24 13:58:34.903924	gimbal0_210.jpg	210	[329615617, -1172683886, -37602, 0, 0, 0, 0.0, 0.007854626514017582, 213, 0, -3.1747069358825684, -0.0009839293779805303]
2023-12-24 13:58:34.945148	camera0 images: 211, gimbal0 images: 211
2023-12-24 13:58:34.946578	camera0_210.jpg	210	[329615617, -1172683886, -37602, 0, 0, 0, 0.0, 0.007854626514017582, 213, 0, -3.1747069358825684, -0.0009839293779805303]
2023-12-24 13:58:35.007247	camera0 images: 212, gimbal0 images: 211
2023-12-24 13:58:35.012390	camera0_211.jpg	211	[329615617, -1172683886, -37598, 0, 0, 0, 0.0, 0.008508210070431232, 213, 0, -3.176778793334961, -0.000788120785728097]
2023-12-24 13:58:35.056508	camera0 images: 213, gimbal0 images: 211
2023-12-24 13:58:35.058491	camera0_212.jpg	212	[329615617, -1172683886, -37600, 0, 0, 0, 0.0, 0.00446215970441699, 213, 0, -3.1785902976989746, -0.0005476534715853631]
2023-12-24 13:58:35.103325	camera0 images: 213, gimbal0 images: 211
2023-12-24 13:58:35.145327	camera0 images: 213, gimbal0 images: 211
2023-12-24 13:58:35.189848	camera0 images: 213, gimbal0 images: 211
2023-12-24 13:58:35.232945	camera0 images: 213, gimbal0 images: 211
2023-12-24 13:58:35.296640	camera0 images: 213, gimbal0 images: 212
2023-12-24 13:58:35.299839	gimbal0_211.jpg	211	[329615617, -1172683886, -37599, 0, 0, 0, 0.0, 0.007860846817493439, 213, 0, -3.182636260986328, 0.000655771407764405]
2023-12-24 13:58:35.341209	camera0 images: 214, gimbal0 images: 216
2023-12-24 13:58:35.344846	camera0_213.jpg	213	[329615617, -1172683886, -37599, 0, -1, 0, 0.0, 0.009665245190262794, 213, 0, -3.182981014251709, 0.0011275748256593943]
2023-12-24 13:58:35.345188	gimbal0_215.jpg	215	[329615617, -1172683886, -37599, 0, -1, 0, 0.0, 0.009665245190262794, 213, 0, -3.182981014251709, 0.0011275748256593943]
2023-12-24 13:58:35.391779	camera0 images: 215, gimbal0 images: 216
2023-12-24 13:58:35.398147	camera0_214.jpg	214	[329615617, -1172683886, -37595, 0, 0, 0, 0.0, 0.009044969454407692, 213, 0, -3.1837430000305176, 0.0012360647087916732]
2023-12-24 13:58:35.438911	camera0 images: 216, gimbal0 images: 216
2023-12-24 13:58:35.442741	camera0_215.jpg	215	[329615617, -1172683886, -37596, 0, 0, 0, 0.0, 0.0081248227506876, 213, 0, -3.185476303100586, 0.0013754521496593952]
2023-12-24 13:58:35.484157	camera0 images: 217, gimbal0 images: 216
2023-12-24 13:58:35.487324	camera0_216.jpg	216	[329615617, -1172683886, -37597, 0, 0, 0, 0.0, 0.008905093185603619, 213, 0, -3.1863293647766113, 0.0010292193619534373]
2023-12-24 13:58:35.527986	camera0 images: 218, gimbal0 images: 216
2023-12-24 13:58:35.529830	camera0_217.jpg	217	[329615617, -1172683886, -37597, 0, 0, 0, 0.0, 0.008905093185603619, 213, 0, -3.1863293647766113, 0.0010292193619534373]
2023-12-24 13:58:35.569632	camera0 images: 218, gimbal0 images: 216
2023-12-24 13:58:35.615305	camera0 images: 218, gimbal0 images: 216
2023-12-24 13:58:35.660560	camera0 images: 218, gimbal0 images: 216
2023-12-24 13:58:35.701407	camera0 images: 218, gimbal0 images: 216
2023-12-24 13:58:35.743130	camera0 images: 218, gimbal0 images: 216
2023-12-24 13:58:35.807717	camera0 images: 218, gimbal0 images: 220
2023-12-24 13:58:35.823882	gimbal0_219.jpg	219	[329615617, -1172683886, -37583, 0, 0, 0, 0.0, 0.00912932213395834, 213, 2, -3.1832642555236816, 0.005734635982662439]
2023-12-24 13:58:35.867799	camera0 images: 220, gimbal0 images: 221
2023-12-24 13:58:35.869536	camera0_219.jpg	219	[329615617, -1172683886, -37583, 0, 0, 0, 0.0, 0.00912932213395834, 213, 2, -3.1832642555236816, 0.005734635982662439]
2023-12-24 13:58:35.869693	gimbal0_220.jpg	220	[329615617, -1172683886, -37583, 0, 0, 0, 0.0, 0.00912932213395834, 213, 2, -3.1832642555236816, 0.005734635982662439]
2023-12-24 13:58:35.909444	camera0 images: 221, gimbal0 images: 221
2023-12-24 13:58:35.926590	camera0_220.jpg	220	[329615617, -1172683886, -37582, 0, 0, 0, 0.0, 0.009789063595235348, 213, 3, -3.1822710037231445, 0.006522785872220993]
2023-12-24 13:58:35.967564	camera0 images: 222, gimbal0 images: 221
2023-12-24 13:58:35.971438	camera0_221.jpg	221	[329615617, -1172683887, -37580, 0, 0, 0, 0.0, 0.009307075291872025, 213, 4, -3.1806578636169434, 0.007878944277763367]
2023-12-24 13:58:36.032049	camera0 images: 222, gimbal0 images: 221
2023-12-24 13:58:36.072075	camera0 images: 223, gimbal0 images: 221
2023-12-24 13:58:36.074125	camera0_222.jpg	222	[329615617, -1172683887, -37574, 0, 0, 0, 0.0, 0.008461222052574158, 213, 5, -3.1798620223999023, 0.009766502305865288]
2023-12-24 13:58:36.123703	camera0 images: 223, gimbal0 images: 221
2023-12-24 13:58:36.162995	camera0 images: 223, gimbal0 images: 221
2023-12-24 13:58:36.214980	camera0 images: 223, gimbal0 images: 221
2023-12-24 13:58:36.256486	camera0 images: 223, gimbal0 images: 221
2023-12-24 13:58:36.304850	camera0 images: 223, gimbal0 images: 224
2023-12-24 13:58:36.311488	gimbal0_223.jpg	223	[329615617, -1172683887, -37565, 0, 0, -1, 0.0, 0.00949174351990223, 213, 10, -3.176542282104492, 0.015551701188087463]
2023-12-24 13:58:36.352428	camera0 images: 224, gimbal0 images: 226
2023-12-24 13:58:36.354943	camera0_223.jpg	223	[329615617, -1172683887, -37564, 0, 0, -1, 0.0, 0.0024864317383617163, 213, 11, -3.175407886505127, 0.0172099806368351]
2023-12-24 13:58:36.355157	gimbal0_225.jpg	225	[329615617, -1172683887, -37564, 0, 0, -1, 0.0, 0.0024864317383617163, 213, 11, -3.175407886505127, 0.0172099806368351]
2023-12-24 13:58:36.410773	camera0 images: 226, gimbal0 images: 226
2023-12-24 13:58:36.421295	camera0_225.jpg	225	[329615617, -1172683887, -37559, 0, -1, -1, 0.0, 0.012956604361534119, 213, 12, -3.1753408908843994, 0.01505837868899107]
2023-12-24 13:58:36.464350	camera0 images: 227, gimbal0 images: 226
2023-12-24 13:58:36.468302	camera0_226.jpg	226	[329615617, -1172683887, -37560, 0, -1, -1, 0.0, 0.012013946659862995, 213, 14, -3.1759121417999268, 0.015118367969989777]
2023-12-24 13:58:36.537731	camera0 images: 228, gimbal0 images: 226
2023-12-24 13:58:36.541267	camera0_227.jpg	227	[329615617, -1172683887, -37559, 0, 0, -1, 0.0, 0.008381951600313187, 213, 15, -3.1757187843322754, 0.016466600820422173]
2023-12-24 13:58:36.584492	camera0 images: 228, gimbal0 images: 226
2023-12-24 13:58:36.629204	camera0 images: 228, gimbal0 images: 226
2023-12-24 13:58:36.669020	camera0 images: 228, gimbal0 images: 226
2023-12-24 13:58:36.720541	camera0 images: 228, gimbal0 images: 226
2023-12-24 13:58:36.770185	camera0 images: 228, gimbal0 images: 226
2023-12-24 13:58:36.828426	camera0 images: 228, gimbal0 images: 230
2023-12-24 13:58:36.831960	gimbal0_229.jpg	229	[329615617, -1172683888, -37549, 0, 0, -1, 0.0, 0.006187452003359795, 213, 25, -3.177253246307373, 0.020520038902759552]
2023-12-24 13:58:36.871121	camera0 images: 230, gimbal0 images: 230
2023-12-24 13:58:36.879213	camera0_229.jpg	229	[329615617, -1172683888, -37550, 0, 0, -2, 0.0, 0.007883349433541298, 213, 27, -3.1779332160949707, 0.019157886505126953]
2023-12-24 13:58:36.926536	camera0 images: 231, gimbal0 images: 231
2023-12-24 13:58:36.928572	camera0_230.jpg	230	[329615617, -1172683888, -37551, 0, 0, -1, 0.0, 0.007883349433541298, 213, 27, -3.1779332160949707, 0.019157886505126953]
2023-12-24 13:58:36.928745	gimbal0_230.jpg	230	[329615617, -1172683888, -37551, 0, 0, -1, 0.0, 0.007883349433541298, 213, 27, -3.1779332160949707, 0.019157886505126953]
2023-12-24 13:58:36.968205	camera0 images: 232, gimbal0 images: 231
2023-12-24 13:58:36.971312	camera0_231.jpg	231	[329615617, -1172683888, -37551, 0, 0, -2, 0.0, 0.007172558922320604, 213, 29, -3.1780991554260254, 0.02000652439892292]
2023-12-24 13:58:37.013604	camera0 images: 233, gimbal0 images: 231
2023-12-24 13:58:37.018775	camera0_232.jpg	232	[329615617, -1172683888, -37547, 0, 0, -1, 0.0, 0.009545177221298218, 213, 31, -3.179443359375, 0.02303813025355339]
2023-12-24 13:58:37.060296	camera0 images: 233, gimbal0 images: 231
2023-12-24 13:58:37.103843	camera0 images: 233, gimbal0 images: 231
2023-12-24 13:58:37.152887	camera0 images: 233, gimbal0 images: 231
2023-12-24 13:58:37.198969	camera0 images: 233, gimbal0 images: 231
2023-12-24 13:58:37.262788	camera0 images: 233, gimbal0 images: 231
2023-12-24 13:58:37.324090	camera0 images: 233, gimbal0 images: 235
2023-12-24 13:58:37.327815	gimbal0_234.jpg	234	[329615617, -1172683888, -37543, 1, 0, -3, 0.0, 0.012233288027346134, 213, 34, -3.1794867515563965, 0.030642392113804817]
2023-12-24 13:58:37.369682	camera0 images: 235, gimbal0 images: 236
2023-12-24 13:58:37.372327	camera0_234.jpg	234	[329615618, -1172683888, -37542, 1, 0, -3, 0.0, 0.012233288027346134, 213, 34, -3.1794867515563965, 0.030642392113804817]
2023-12-24 13:58:37.372521	gimbal0_235.jpg	235	[329615618, -1172683888, -37542, 1, 0, -3, 0.0, 0.012233288027346134, 213, 34, -3.1794867515563965, 0.030642392113804817]
2023-12-24 13:58:37.432850	camera0 images: 236, gimbal0 images: 236
2023-12-24 13:58:37.443980	camera0_235.jpg	235	[329615618, -1172683888, -37537, 2, 0, -3, 0.0, 0.020873306319117546, 213, 35, -3.1795008182525635, 0.032183583825826645]
2023-12-24 13:58:37.489469	camera0 images: 237, gimbal0 images: 236
2023-12-24 13:58:37.492905	camera0_236.jpg	236	[329615618, -1172683888, -37536, 2, 0, -3, 0.0, 0.02088974602520466, 213, 36, -3.1790218353271484, 0.038761500269174576]
2023-12-24 13:58:37.541000	camera0 images: 238, gimbal0 images: 236
2023-12-24 13:58:37.544098	camera0_237.jpg	237	[329615618, -1172683888, -37535, 1, 1, -3, 0.0, 0.02088974602520466, 213, 36, -3.1790218353271484, 0.038761500269174576]
2023-12-24 13:58:37.582958	camera0 images: 238, gimbal0 images: 236
2023-12-24 13:58:37.624006	camera0 images: 238, gimbal0 images: 236
2023-12-24 13:58:37.671614	camera0 images: 238, gimbal0 images: 236
2023-12-24 13:58:37.732601	camera0 images: 238, gimbal0 images: 236
2023-12-24 13:58:37.817259	camera0 images: 238, gimbal0 images: 238
2023-12-24 13:58:37.824568	gimbal0_237.jpg	237	[329615618, -1172683888, -37518, 2, 1, -3, 0.0, 0.027024833485484123, 213, 40, -3.1722943782806396, 0.04102624952793121]
2023-12-24 13:58:37.867842	camera0 images: 239, gimbal0 images: 240
2023-12-24 13:58:37.870592	camera0_238.jpg	238	[329615619, -1172683888, -37518, 2, 1, -3, 0.0, 0.027024833485484123, 213, 40, -3.1722943782806396, 0.04102624952793121]
2023-12-24 13:58:37.870809	gimbal0_239.jpg	239	[329615619, -1172683888, -37518, 2, 1, -3, 0.0, 0.027024833485484123, 213, 40, -3.1722943782806396, 0.04102624952793121]
2023-12-24 13:58:37.926733	camera0 images: 241, gimbal0 images: 241
2023-12-24 13:58:37.929851	camera0_240.jpg	240	[329615619, -1172683888, -37517, 1, 0, -3, 0.0, 0.020480545237660408, 213, 40, -3.1712982654571533, 0.04158805310726166]
2023-12-24 13:58:37.930103	gimbal0_240.jpg	240	[329615619, -1172683888, -37517, 1, 0, -3, 0.0, 0.020480545237660408, 213, 40, -3.1712982654571533, 0.04158805310726166]
2023-12-24 13:58:37.974668	camera0 images: 242, gimbal0 images: 241
2023-12-24 13:58:37.976174	camera0_241.jpg	241	[329615619, -1172683888, -37515, 1, 0, -3, 0.0, 0.01891206204891205, 213, 41, -3.169149160385132, 0.03850019350647926]
2023-12-24 13:58:38.040735	camera0 images: 243, gimbal0 images: 241
2023-12-24 13:58:38.051530	camera0_242.jpg	242	[329615619, -1172683888, -37507, 2, 0, -3, 0.0, 0.02098965086042881, 213, 43, -3.1671500205993652, 0.03612985461950302]
2023-12-24 13:58:38.097167	camera0 images: 244, gimbal0 images: 241
2023-12-24 13:58:38.099785	camera0_243.jpg	243	[329615619, -1172683888, -37506, 2, 1, -4, 0.0, 0.01681610569357872, 213, 43, -3.1654562950134277, 0.03678806498646736]
2023-12-24 13:58:38.142352	camera0 images: 244, gimbal0 images: 241
2023-12-24 13:58:38.187319	camera0 images: 244, gimbal0 images: 241
2023-12-24 13:58:38.231833	camera0 images: 244, gimbal0 images: 241
2023-12-24 13:58:38.282336	camera0 images: 244, gimbal0 images: 243
2023-12-24 13:58:38.287750	gimbal0_242.jpg	242	[329615620, -1172683887, -37498, 3, 1, -4, 0.0, 0.03237783908843994, 215, 46, -3.1627488136291504, 0.034866757690906525]
2023-12-24 13:58:38.339301	camera0 images: 245, gimbal0 images: 245
2023-12-24 13:58:38.343312	camera0_244.jpg	244	[329615620, -1172683887, -37497, 3, 3, -4, 0.0, 0.04979908838868141, 216, 47, -3.1620686054229736, 0.037298157811164856]
2023-12-24 13:58:38.343628	gimbal0_244.jpg	244	[329615620, -1172683887, -37497, 3, 3, -4, 0.0, 0.04979908838868141, 216, 47, -3.1620686054229736, 0.037298157811164856]
2023-12-24 13:58:38.390358	camera0 images: 246, gimbal0 images: 246
2023-12-24 13:58:38.393125	camera0_245.jpg	245	[329615620, -1172683887, -37491, 5, 4, -2, 0.0, 0.07099428027868271, 217, 48, -3.16156005859375, 0.023683223873376846]
2023-12-24 13:58:38.393336	gimbal0_245.jpg	245	[329615620, -1172683887, -37491, 5, 4, -2, 0.0, 0.07099428027868271, 217, 48, -3.16156005859375, 0.023683223873376846]
2023-12-24 13:58:38.441599	camera0 images: 247, gimbal0 images: 246
2023-12-24 13:58:38.454673	camera0_246.jpg	246	[329615620, -1172683886, -37494, 7, 7, -1, 0.0, 0.10240334272384644, 218, 49, -3.163691520690918, 0.01658450998365879]
2023-12-24 13:58:38.494905	camera0 images: 247, gimbal0 images: 246
2023-12-24 13:58:38.561717	camera0 images: 248, gimbal0 images: 246
2023-12-24 13:58:38.564176	camera0_247.jpg	247	[329615620, -1172683885, -37495, 8, 12, -3, 0.0, 0.15639664232730865, 220, 51, -3.1648664474487305, 0.04458990320563316]
2023-12-24 13:58:38.605230	camera0 images: 248, gimbal0 images: 246
2023-12-24 13:58:38.646223	camera0 images: 248, gimbal0 images: 246
2023-12-24 13:58:38.689150	camera0 images: 248, gimbal0 images: 246
2023-12-24 13:58:38.741843	camera0 images: 248, gimbal0 images: 246
2023-12-24 13:58:38.789971	camera0 images: 248, gimbal0 images: 250
2023-12-24 13:58:38.793292	gimbal0_249.jpg	249	[329615621, -1172683881, -37467, 10, 21, -18, 0.0, 0.24092896282672882, 223, 55, -3.147055149078369, 0.17758503556251526]
2023-12-24 13:58:38.854171	camera0 images: 249, gimbal0 images: 250
2023-12-24 13:58:38.857656	camera0_248.jpg	248	[329615621, -1172683880, -37460, 10, 21, -23, 0.0, 0.24253304302692413, 224, 54, -3.140897274017334, 0.22077441215515137]
2023-12-24 13:58:38.900153	camera0 images: 251, gimbal0 images: 251
2023-12-24 13:58:38.902320	camera0_250.jpg	250	[329615621, -1172683879, -37449, 9, 22, -28, 0.0, 0.24407297372817993, 224, 54, -3.129004955291748, 0.28017210960388184]
2023-12-24 13:58:38.902557	gimbal0_250.jpg	250	[329615621, -1172683879, -37449, 9, 22, -28, 0.0, 0.24407297372817993, 224, 54, -3.129004955291748, 0.28017210960388184]
2023-12-24 13:58:38.945972	camera0 images: 252, gimbal0 images: 251
2023-12-24 13:58:38.949441	camera0_251.jpg	251	[329615621, -1172683878, -37436, 8, 22, -32, 0.0, 0.242386594414711, 225, 54, -3.115638017654419, 0.32929104566574097]
2023-12-24 13:58:39.003912	camera0 images: 252, gimbal0 images: 251
2023-12-24 13:58:39.060105	camera0 images: 253, gimbal0 images: 251
2023-12-24 13:58:39.061501	camera0_252.jpg	252	[329615621, -1172683876, -37405, 8, 24, -41, 0.0, 0.2587854266166687, 226, 54, -3.081897258758545, 0.4288119971752167]
2023-12-24 13:58:39.103405	camera0 images: 253, gimbal0 images: 251
2023-12-24 13:58:39.149161	camera0 images: 253, gimbal0 images: 251
2023-12-24 13:58:39.201369	camera0 images: 253, gimbal0 images: 251
2023-12-24 13:58:39.277669	camera0 images: 253, gimbal0 images: 251
2023-12-24 13:58:39.332214	camera0 images: 254, gimbal0 images: 255
2023-12-24 13:58:39.334879	camera0_253.jpg	253	[329615619, -1172683870, -37287, 6, 20, -59, 0.0, 0.21279875934123993, 228, 55, -2.9728128910064697, 0.5952520370483398]
2023-12-24 13:58:39.335016	gimbal0_254.jpg	254	[329615619, -1172683870, -37287, 6, 20, -59, 0.0, 0.21279875934123993, 228, 55, -2.9728128910064697, 0.5952520370483398]
2023-12-24 13:58:39.395801	camera0 images: 255, gimbal0 images: 256
2023-12-24 13:58:39.400306	camera0_254.jpg	254	[329615618, -1172683869, -37260, 5, 20, -63, 0.0, 0.21011954545974731, 228, 55, -2.948594331741333, 0.6318325996398926]
2023-12-24 13:58:39.400495	gimbal0_255.jpg	255	[329615618, -1172683869, -37260, 5, 20, -63, 0.0, 0.21011954545974731, 228, 55, -2.948594331741333, 0.6318325996398926]
2023-12-24 13:58:39.444684	camera0 images: 256, gimbal0 images: 256
2023-12-24 13:58:39.449117	camera0_255.jpg	255	[329615617, -1172683868, -37238, 4, 20, -66, 0.0, 0.20425176620483398, 228, 55, -2.9220969676971436, 0.6681678891181946]
2023-12-24 13:58:39.496821	camera0 images: 257, gimbal0 images: 256
2023-12-24 13:58:39.500345	camera0_256.jpg	256	[329615616, -1172683867, -37213, 4, 18, -69, 0.0, 0.18979930877685547, 228, 55, -2.8962769508361816, 0.6994214653968811]
2023-12-24 13:58:39.551208	camera0 images: 258, gimbal0 images: 256
2023-12-24 13:58:39.554858	camera0_257.jpg	257	[329615616, -1172683866, -37185, 4, 17, -72, 0.0, 0.16945406794548035, 229, 55, -2.8618357181549072, 0.7334349155426025]
2023-12-24 13:58:39.625102	camera0 images: 259, gimbal0 images: 256
2023-12-24 13:58:39.628198	camera0_258.jpg	258	[329615615, -1172683865, -37154, 4, 15, -75, 0.0, 0.1600426286458969, 229, 56, -2.8328118324279785, 0.7667914032936096]
2023-12-24 13:58:39.669806	camera0 images: 259, gimbal0 images: 256
2023-12-24 13:58:39.722851	camera0 images: 259, gimbal0 images: 256
2023-12-24 13:58:39.802690	camera0 images: 259, gimbal0 images: 260
2023-12-24 13:58:39.819232	gimbal0_259.jpg	259	[329615613, -1172683861, -37019, 5, 12, -88, 0.0, 0.1343347430229187, 229, 56, -2.7244932651519775, 0.8688172101974487]
2023-12-24 13:58:39.860602	camera0 images: 260, gimbal0 images: 260
2023-12-24 13:58:39.863985	camera0_259.jpg	259	[329615613, -1172683860, -36991, 6, 11, -91, 0.0, 0.13219283521175385, 230, 56, -2.684783458709717, 0.9102647304534912]
2023-12-24 13:58:39.915650	camera0 images: 261, gimbal0 images: 261
2023-12-24 13:58:39.919748	camera0_260.jpg	260	[329615613, -1172683859, -36954, 6, 10, -94, 0.0, 0.12544746696949005, 230, 56, -2.64760160446167, 0.943931519985199]
2023-12-24 13:58:39.920010	gimbal0_260.jpg	260	[329615613, -1172683859, -36954, 6, 10, -94, 0.0, 0.12544746696949005, 230, 56, -2.64760160446167, 0.943931519985199]
2023-12-24 13:58:39.963351	camera0 images: 262, gimbal0 images: 261
2023-12-24 13:58:39.966337	camera0_261.jpg	261	[329615612, -1172683858, -36906, 6, 8, -98, 0.0, 0.10808047652244568, 230, 56, -2.598999500274658, 0.9839082956314087]
2023-12-24 13:58:40.038615	camera0 images: 262, gimbal0 images: 261
2023-12-24 13:58:40.088883	camera0 images: 263, gimbal0 images: 261
2023-12-24 13:58:40.092556	camera0_262.jpg	262	[329615611, -1172683856, -36770, 6, 4, -107, 0.0, 0.08438602089881897, 230, 57, -2.505114793777466, 1.0468813180923462]
2023-12-24 13:58:40.141478	camera0 images: 263, gimbal0 images: 261
2023-12-24 13:58:40.189740	camera0 images: 263, gimbal0 images: 261
2023-12-24 13:58:40.237242	camera0 images: 263, gimbal0 images: 261
2023-12-24 13:58:40.301794	camera0 images: 263, gimbal0 images: 264
2023-12-24 13:58:40.304715	gimbal0_263.jpg	263	[329615610, -1172683854, -36569, 6, 0, -117, 0.0, 0.06360653787851334, 231, 53, -2.2908127307891846, 1.1700248718261719]
2023-12-24 13:58:40.362168	camera0 images: 265, gimbal0 images: 266
2023-12-24 13:58:40.364896	camera0_264.jpg	264	[329615610, -1172683854, -36516, 7, -2, -117, 0.0, 0.0736740455031395, 231, 53, -2.228227138519287, 1.1718080043792725]
2023-12-24 13:58:40.365049	gimbal0_265.jpg	265	[329615610, -1172683854, -36516, 7, -2, -117, 0.0, 0.0736740455031395, 231, 53, -2.228227138519287, 1.1718080043792725]
2023-12-24 13:58:40.444642	camera0 images: 266, gimbal0 images: 266
2023-12-24 13:58:40.452268	camera0_265.jpg	265	[329615610, -1172683853, -36406, 7, -4, -117, 0.0, 0.08954564481973648, 231, 54, -2.1125237941741943, 1.1759635210037231]
2023-12-24 13:58:40.494303	camera0 images: 267, gimbal0 images: 266
2023-12-24 13:58:40.499256	camera0_266.jpg	266	[329615611, -1172683853, -36353, 7, -5, -118, 0.0, 0.09401506185531616, 232, 54, -2.04787278175354, 1.181641936302185]
2023-12-24 13:58:40.540547	camera0 images: 267, gimbal0 images: 266
2023-12-24 13:58:40.585628	camera0 images: 268, gimbal0 images: 266
2023-12-24 13:58:40.587920	camera0_267.jpg	267	[329615611, -1172683853, -36240, 8, -7, -119, 0.0, 0.11220649629831314, 232, 54, -1.9921298027038574, 1.18702232837677]
2023-12-24 13:58:40.629163	camera0 images: 268, gimbal0 images: 266
2023-12-24 13:58:40.677283	camera0 images: 268, gimbal0 images: 266
2023-12-24 13:58:40.721076	camera0 images: 268, gimbal0 images: 266
2023-12-24 13:58:40.801811	camera0 images: 268, gimbal0 images: 270
2023-12-24 13:58:40.804492	gimbal0_269.jpg	269	[329615614, -1172683851, -36007, 9, -9, -122, 0.0, 0.13580617308616638, 232, 54, -1.7318388223648071, 1.2284737825393677]
2023-12-24 13:58:40.861528	camera0 images: 269, gimbal0 images: 270
2023-12-24 13:58:40.874127	camera0_268.jpg	268	[329615615, -1172683850, -35949, 9, -10, -123, 0.0, 0.13818331062793732, 232, 54, -1.6749757528305054, 1.2352056503295898]
2023-12-24 13:58:40.925689	camera0 images: 271, gimbal0 images: 271
2023-12-24 13:58:40.928905	camera0_270.jpg	270	[329615616, -1172683849, -35891, 9, -10, -123, 0.0, 0.14394702017307281, 232, 54, -1.6048575639724731, 1.2394815683364868]
2023-12-24 13:58:40.929071	gimbal0_270.jpg	270	[329615616, -1172683849, -35891, 9, -10, -123, 0.0, 0.14394702017307281, 232, 54, -1.6048575639724731, 1.2394815683364868]
2023-12-24 13:58:40.988563	camera0 images: 272, gimbal0 images: 271
2023-12-24 13:58:40.993393	camera0_271.jpg	271	[329615617, -1172683849, -35831, 9, -11, -125, 0.0, 0.14835545420646667, 232, 54, -1.5451592206954956, 1.2513715028762817]
2023-12-24 13:58:41.035231	camera0 images: 273, gimbal0 images: 271
2023-12-24 13:58:41.038807	camera0_272.jpg	272	[329615620, -1172683847, -35707, 9, -12, -124, 0.0, 0.14864574372768402, 349, 54, -1.4729832410812378, 1.261268138885498]
2023-12-24 13:58:41.083123	camera0 images: 273, gimbal0 images: 271
2023-12-24 13:58:41.129817	camera0 images: 273, gimbal0 images: 271
2023-12-24 13:58:41.180047	camera0 images: 274, gimbal0 images: 271
2023-12-24 13:58:41.184728	camera0_273.jpg	273	[329615622, -1172683845, -35586, 9, -11, -125, 0.0, 0.15306943655014038, 351, 55, -1.2667438983917236, 1.2682394981384277]
2023-12-24 13:58:41.230047	camera0 images: 274, gimbal0 images: 271
2023-12-24 13:58:41.294246	camera0 images: 274, gimbal0 images: 274
2023-12-24 13:58:41.299458	gimbal0_273.jpg	273	[329615625, -1172683843, -35453, 8, -15, -129, 0.0, 0.17495942115783691, 352, 54, -1.1246973276138306, 1.3025147914886475]
2023-12-24 13:58:41.345434	camera0 images: 275, gimbal0 images: 275
2023-12-24 13:58:41.351534	camera0_274.jpg	274	[329615627, -1172683842, -35320, 4, -19, -131, 0.0, 0.19766968488693237, 352, 54, -1.0580538511276245, 1.3141546249389648]
2023-12-24 13:58:41.351664	gimbal0_274.jpg	274	[329615627, -1172683842, -35320, 4, -19, -131, 0.0, 0.19766968488693237, 352, 54, -1.0580538511276245, 1.3141546249389648]
2023-12-24 13:58:41.406826	camera0 images: 276, gimbal0 images: 276
2023-12-24 13:58:41.412617	camera0_275.jpg	275	[329615628, -1172683841, -35247, 1, -21, -132, 0.0, 0.218303844332695, 352, 54, -0.9768556356430054, 1.3293178081512451]
2023-12-24 13:58:41.413021	gimbal0_275.jpg	275	[329615628, -1172683841, -35247, 1, -21, -132, 0.0, 0.218303844332695, 352, 54, -0.9768556356430054, 1.3293178081512451]
2023-12-24 13:58:41.454866	camera0 images: 277, gimbal0 images: 276
2023-12-24 13:58:41.457304	camera0_276.jpg	276	[329615629, -1172683840, -35179, -1, -23, -134, 0.0, 0.24227271974086761, 352, 53, -0.8960182666778564, 1.3412134647369385]
2023-12-24 13:58:41.519322	camera0 images: 277, gimbal0 images: 276
2023-12-24 13:58:41.569376	camera0 images: 278, gimbal0 images: 276
2023-12-24 13:58:41.571316	camera0_277.jpg	277	[329615630, -1172683839, -35042, -5, -28, -135, 0.0, 0.30499696731567383, 352, 53, -0.7446241974830627, 1.3507016897201538]
2023-12-24 13:58:41.619161	camera0 images: 278, gimbal0 images: 276
2023-12-24 13:58:41.669927	camera0 images: 279, gimbal0 images: 276
2023-12-24 13:58:41.673160	camera0_278.jpg	278	[329615630, -1172683838, -34897, -10, -32, -135, 0.0, 0.3555445969104767, 353, 53, -0.5922094583511353, 1.3565740585327148]
2023-12-24 13:58:41.717764	camera0 images: 279, gimbal0 images: 276
2023-12-24 13:58:41.769880	camera0 images: 279, gimbal0 images: 276
2023-12-24 13:58:41.831998	camera0 images: 279, gimbal0 images: 280
2023-12-24 13:58:41.838366	gimbal0_279.jpg	279	[329615632, -1172683836, -34608, -17, -37, -136, 0.0, 0.4135149121284485, 353, 53, -0.3514902591705322, 1.3690848350524902]
2023-12-24 13:58:41.880813	camera0 images: 281, gimbal0 images: 281
2023-12-24 13:58:41.882151	camera0_280.jpg	280	[329615632, -1172683836, -34608, -17, -37, -136, 0.0, 0.4135149121284485, 353, 53, -0.3514902591705322, 1.3690848350524902]
2023-12-24 13:58:41.882300	gimbal0_280.jpg	280	[329615632, -1172683836, -34608, -17, -37, -136, 0.0, 0.4135149121284485, 353, 53, -0.3514902591705322, 1.3690848350524902]
2023-12-24 13:58:41.929195	camera0 images: 281, gimbal0 images: 281
2023-12-24 13:58:41.985619	camera0 images: 282, gimbal0 images: 281
2023-12-24 13:58:41.989279	camera0_281.jpg	281	[329615631, -1172683835, -34385, -20, -41, -138, 0.0, 0.4446461796760559, 353, 53, -0.1929563283920288, 1.3770580291748047]
2023-12-24 13:58:42.047314	camera0 images: 282, gimbal0 images: 281
2023-12-24 13:58:42.095795	camera0 images: 283, gimbal0 images: 281
2023-12-24 13:58:42.108655	camera0_282.jpg	282	[329615630, -1172683833, -34237, -22, -40, -138, 0.0, 0.47130969166755676, 354, 54, 0.0568850040435791, 1.3854684829711914]
2023-12-24 13:58:42.153413	camera0 images: 284, gimbal0 images: 281
2023-12-24 13:58:42.155192	camera0_283.jpg	283	[329615630, -1172683832, -34164, -22, -41, -138, 0.0, 0.47130969166755676, 354, 54, 0.0568850040435791, 1.3854684829711914]
2023-12-24 13:58:42.200297	camera0 images: 284, gimbal0 images: 281
2023-12-24 13:58:42.247347	camera0 images: 284, gimbal0 images: 281
2023-12-24 13:58:42.308799	camera0 images: 284, gimbal0 images: 284
2023-12-24 13:58:42.314334	gimbal0_283.jpg	283	[329615628, -1172683830, -33932, -23, -41, -139, 0.0, 0.4804155230522156, 354, 53, 0.2954885959625244, 1.3982452154159546]
2023-12-24 13:58:42.360776	camera0 images: 285, gimbal0 images: 286
2023-12-24 13:58:42.363775	camera0_284.jpg	284	[329615627, -1172683829, -33858, -24, -42, -140, 0.0, 0.4881325662136078, 354, 54, 0.3851597309112549, 1.402264952659607]
2023-12-24 13:58:42.363953	gimbal0_285.jpg	285	[329615627, -1172683829, -33858, -24, -42, -140, 0.0, 0.4881325662136078, 354, 54, 0.3851597309112549, 1.402264952659607]
2023-12-24 13:58:42.408987	camera0 images: 286, gimbal0 images: 286
2023-12-24 13:58:42.410516	camera0_285.jpg	285	[329615626, -1172683829, -33777, -24, -42, -140, 0.0, 0.4917423725128174, 354, 54, 0.45966386795043945, 1.4053775072097778]
2023-12-24 13:58:42.461613	camera0 images: 286, gimbal0 images: 286
2023-12-24 13:58:42.517638	camera0 images: 287, gimbal0 images: 286
2023-12-24 13:58:42.520683	camera0_286.jpg	286	[329615624, -1172683826, -33626, -25, -43, -140, 0.0, 0.50462406873703, 354, 53, 0.6397268772125244, 1.4073129892349243]
2023-12-24 13:58:42.571566	camera0 images: 288, gimbal0 images: 286
2023-12-24 13:58:42.574395	camera0_287.jpg	287	[329615622, -1172683826, -33552, -26, -43, -141, 0.0, 0.5129244327545166, 354, 53, 0.7142455577850342, 1.4098379611968994]
2023-12-24 13:58:42.622070	camera0 images: 288, gimbal0 images: 286
2023-12-24 13:58:42.675079	camera0 images: 289, gimbal0 images: 286
2023-12-24 13:58:42.678201	camera0_288.jpg	288	[329615620, -1172683824, -33395, -26, -44, -141, 0.0, 0.5159589052200317, 354, 54, 0.8793935775756836, 1.4173767566680908]
2023-12-24 13:58:42.727176	camera0 images: 289, gimbal0 images: 286
2023-12-24 13:58:42.787661	camera0 images: 290, gimbal0 images: 288
2023-12-24 13:58:42.791931	camera0_289.jpg	289	[329615615, -1172683821, -33164, -25, -47, -142, 0.0, 0.5344052314758301, 354, 53, 1.0593814849853516, 1.4256784915924072]
2023-12-24 13:58:42.792141	gimbal0_287.jpg	287	[329615615, -1172683821, -33164, -25, -47, -142, 0.0, 0.5344052314758301, 354, 53, 1.0593814849853516, 1.4256784915924072]
2023-12-24 13:58:42.869469	camera0 images: 290, gimbal0 images: 290
2023-12-24 13:58:42.872697	gimbal0_289.jpg	289	[329615612, -1172683819, -33073, -25, -46, -142, 0.0, 0.5290963053703308, 354, 53, 1.1346945762634277, 1.4265141487121582]
2023-12-24 13:58:42.932853	camera0 images: 291, gimbal0 images: 291
2023-12-24 13:58:42.934901	camera0_290.jpg	290	[329615610, -1172683818, -32998, -25, -46, -142, 0.0, 0.5287790894508362, 353, 54, 1.2246239185333252, 1.4271434545516968]
2023-12-24 13:58:42.935026	gimbal0_290.jpg	290	[329615610, -1172683818, -32998, -25, -46, -142, 0.0, 0.5287790894508362, 353, 54, 1.2246239185333252, 1.4271434545516968]
2023-12-24 13:58:42.983934	camera0 images: 292, gimbal0 images: 291
2023-12-24 13:58:42.988049	camera0_291.jpg	291	[329615607, -1172683817, -32842, -24, -47, -142, 0.0, 0.5334187150001526, 353, 54, 1.2992558479309082, 1.4288705587387085]
2023-12-24 13:58:43.035509	camera0 images: 292, gimbal0 images: 291
2023-12-24 13:58:43.081736	camera0 images: 293, gimbal0 images: 291
2023-12-24 13:58:43.082683	camera0_292.jpg	292	[329615605, -1172683815, -32767, -23, -47, -143, 0.0, 0.5305181741714478, 354, 54, 1.479207992553711, 1.43233060836792]
2023-12-24 13:58:43.132021	camera0 images: 293, gimbal0 images: 291
2023-12-24 13:58:43.180659	camera0 images: 294, gimbal0 images: 291
2023-12-24 13:58:43.182684	camera0_293.jpg	293	[329615601, -1172683814, -32618, -21, -49, -143, 0.0, 0.5407753586769104, 354, 54, 1.6434834003448486, 1.4393845796585083]
2023-12-24 13:58:43.229047	camera0 images: 294, gimbal0 images: 291
2023-12-24 13:58:43.293875	camera0 images: 295, gimbal0 images: 294
2023-12-24 13:58:43.297631	camera0_294.jpg	294	[329615594, -1172683812, -32386, -19, -49, -144, 0.0, 0.533440351486206, 353, 54, 1.8086347579956055, 1.4403043985366821]
2023-12-24 13:58:43.297834	gimbal0_293.jpg	293	[329615594, -1172683812, -32386, -19, -49, -144, 0.0, 0.533440351486206, 353, 54, 1.8086347579956055, 1.4403043985366821]
2023-12-24 13:58:43.346856	camera0 images: 295, gimbal0 images: 296
2023-12-24 13:58:43.350599	gimbal0_295.jpg	295	[329615592, -1172683812, -32311, -17, -50, -144, 0.0, 0.5354341864585876, 353, 54, 1.883375644683838, 1.4417015314102173]
2023-12-24 13:58:43.397911	camera0 images: 296, gimbal0 images: 296
2023-12-24 13:58:43.403048	camera0_295.jpg	295	[329615590, -1172683812, -32229, -16, -51, -144, 0.0, 0.5429801940917969, 353, 54, 1.9735491275787354, 1.442509651184082]
2023-12-24 13:58:43.472142	camera0 images: 297, gimbal0 images: 296
2023-12-24 13:58:43.475654	camera0_296.jpg	296	[329615587, -1172683811, -32154, -15, -51, -144, 0.0, 0.5397428274154663, 353, 54, 2.0488853454589844, 1.447089672088623]
2023-12-24 13:58:43.528958	camera0 images: 297, gimbal0 images: 296
2023-12-24 13:58:43.573452	camera0 images: 298, gimbal0 images: 296
2023-12-24 13:58:43.581336	camera0_297.jpg	297	[329615583, -1172683812, -32004, -12, -54, -145, 0.0, 0.5612974166870117, 353, 54, 2.228670597076416, 1.4578838348388672]
2023-12-24 13:58:43.626487	camera0 images: 298, gimbal0 images: 296
2023-12-24 13:58:43.679992	camera0 images: 299, gimbal0 images: 296
2023-12-24 13:58:43.684583	camera0_298.jpg	298	[329615575, -1172683813, -31775, -8, -54, -146, 0.0, 0.5539366006851196, 353, 54, 2.392080545425415, 1.4605755805969238]
2023-12-24 13:58:43.734277	camera0 images: 299, gimbal0 images: 296
2023-12-24 13:58:43.790898	camera0 images: 300, gimbal0 images: 298
2023-12-24 13:58:43.796421	camera0_299.jpg	299	[329615570, -1172683814, -31620, -4, -56, -146, 0.0, 0.5684589147567749, 353, 54, 2.555732011795044, 1.463070273399353]
2023-12-24 13:58:43.796561	gimbal0_297.jpg	297	[329615570, -1172683814, -31620, -4, -56, -146, 0.0, 0.5684589147567749, 353, 54, 2.555732011795044, 1.463070273399353]
2023-12-24 13:58:43.843121	camera0 images: 300, gimbal0 images: 300
2023-12-24 13:58:43.845816	gimbal0_299.jpg	299	[329615567, -1172683815, -31545, -3, -56, -146, 0.0, 0.5685151219367981, 353, 54, 2.6453940868377686, 1.460754156112671]
2023-12-24 13:58:43.896050	camera0 images: 301, gimbal0 images: 301
2023-12-24 13:58:43.901597	camera0_300.jpg	300	[329615565, -1172683816, -31471, -1, -56, -146, 0.0, 0.5700657367706299, 353, 54, 2.7199223041534424, 1.4620927572250366]
2023-12-24 13:58:43.901812	gimbal0_300.jpg	300	[329615565, -1172683816, -31471, -1, -56, -146, 0.0, 0.5700657367706299, 353, 54, 2.7199223041534424, 1.4620927572250366]

